=== Yosys Synthesis ===

 /----------------------------------------------------------------------------\
 |  yosys -- Yosys Open SYnthesis Suite                                       |
 |  Copyright (C) 2012 - 2025  Claire Xenia Wolf <claire@yosyshq.com>         |
 |  Distributed under an ISC-like license, type "license" to see terms        |
 \----------------------------------------------------------------------------/
 Yosys 0.60+64 (git sha1 17ca71e1a, clang++ 18.1.8 -fPIC -O3)

-- Parsing `src/blinky.v' using frontend ` -vlog2k' --

1. Executing Verilog-2005 frontend: src/blinky.v
Parsing Verilog input from `src/blinky.v' to AST representation.
verilog frontend filename src/blinky.v
Storing AST representation for module `$abstract\blinky'.
Successfully finished Verilog frontend.

-- Running command `synth_ecp5 -top blinky -json build/out.json' --

2. Executing SYNTH_LATTICE pass.

2.1. Executing Verilog-2005 frontend: /home/tcovert/FPGA_Projects/reverse_engineering/oss-cad-suite/lib/../share/yosys/lattice/cells_sim_ecp5.v
Parsing Verilog input from `/home/tcovert/FPGA_Projects/reverse_engineering/oss-cad-suite/lib/../share/yosys/lattice/cells_sim_ecp5.v' to AST representation.
verilog frontend filename /home/tcovert/FPGA_Projects/reverse_engineering/oss-cad-suite/lib/../share/yosys/lattice/cells_sim_ecp5.v
Generating RTLIL representation for module `\LUT4'.
Generating RTLIL representation for module `\$__ABC9_LUT5'.
Generating RTLIL representation for module `\$__ABC9_LUT6'.
Generating RTLIL representation for module `\$__ABC9_LUT7'.
Generating RTLIL representation for module `\L6MUX21'.
Generating RTLIL representation for module `\TRELLIS_RAM16X2'.
Generating RTLIL representation for module `\PFUMX'.
Generating RTLIL representation for module `\TRELLIS_DPR16X4'.
Generating RTLIL representation for module `\DPR16X4C'.
Generating RTLIL representation for module `\LUT2'.
Generating RTLIL representation for module `\TRELLIS_FF'.
Generating RTLIL representation for module `\TRELLIS_IO'.
Generating RTLIL representation for module `\INV'.
Generating RTLIL representation for module `\TRELLIS_COMB'.
Generating RTLIL representation for module `\VLO'.
Generating RTLIL representation for module `\VHI'.
Generating RTLIL representation for module `\FD1P3AX'.
Generating RTLIL representation for module `\FD1P3AY'.
Generating RTLIL representation for module `\FD1P3BX'.
Generating RTLIL representation for module `\FD1P3DX'.
Generating RTLIL representation for module `\FD1P3IX'.
Generating RTLIL representation for module `\FD1P3JX'.
Generating RTLIL representation for module `\FD1S3AX'.
Generating RTLIL representation for module `\FD1S3AY'.
Generating RTLIL representation for module `\FD1S3BX'.
Generating RTLIL representation for module `\FD1S3DX'.
Generating RTLIL representation for module `\FD1S3IX'.
Generating RTLIL representation for module `\FD1S3JX'.
Generating RTLIL representation for module `\IFS1P3BX'.
Generating RTLIL representation for module `\IFS1P3DX'.
Generating RTLIL representation for module `\IFS1P3IX'.
Generating RTLIL representation for module `\IFS1P3JX'.
Generating RTLIL representation for module `\OFS1P3BX'.
Generating RTLIL representation for module `\OFS1P3DX'.
Generating RTLIL representation for module `\OFS1P3IX'.
Generating RTLIL representation for module `\OFS1P3JX'.
Generating RTLIL representation for module `\IB'.
Generating RTLIL representation for module `\IBPU'.
Generating RTLIL representation for module `\IBPD'.
Generating RTLIL representation for module `\OB'.
Generating RTLIL representation for module `\OBZ'.
Generating RTLIL representation for module `\OBZPU'.
Generating RTLIL representation for module `\OBZPD'.
Generating RTLIL representation for module `\OBCO'.
Generating RTLIL representation for module `\BB'.
Generating RTLIL representation for module `\BBPU'.
Generating RTLIL representation for module `\BBPD'.
Generating RTLIL representation for module `\ILVDS'.
Generating RTLIL representation for module `\OLVDS'.
Generating RTLIL representation for module `\CCU2C'.
Generating RTLIL representation for module `\DP16KD'.
Replacing existing blackbox module `\FD1P3AX' at /home/tcovert/FPGA_Projects/reverse_engineering/oss-cad-suite/lib/../share/yosys/lattice/cells_ff.vh:2.1-2.261.
Generating RTLIL representation for module `\FD1P3AX'.
Replacing existing blackbox module `\FD1P3AY' at /home/tcovert/FPGA_Projects/reverse_engineering/oss-cad-suite/lib/../share/yosys/lattice/cells_ff.vh:3.1-3.261.
Generating RTLIL representation for module `\FD1P3AY'.
Replacing existing blackbox module `\FD1P3BX' at /home/tcovert/FPGA_Projects/reverse_engineering/oss-cad-suite/lib/../share/yosys/lattice/cells_ff.vh:4.1-4.261.
Generating RTLIL representation for module `\FD1P3BX'.
Replacing existing blackbox module `\FD1P3DX' at /home/tcovert/FPGA_Projects/reverse_engineering/oss-cad-suite/lib/../share/yosys/lattice/cells_ff.vh:5.1-5.261.
Generating RTLIL representation for module `\FD1P3DX'.
Replacing existing blackbox module `\FD1P3IX' at /home/tcovert/FPGA_Projects/reverse_engineering/oss-cad-suite/lib/../share/yosys/lattice/cells_ff.vh:6.1-6.261.
Generating RTLIL representation for module `\FD1P3IX'.
Replacing existing blackbox module `\FD1P3JX' at /home/tcovert/FPGA_Projects/reverse_engineering/oss-cad-suite/lib/../share/yosys/lattice/cells_ff.vh:7.1-7.261.
Generating RTLIL representation for module `\FD1P3JX'.
Replacing existing blackbox module `\FD1S3AX' at /home/tcovert/FPGA_Projects/reverse_engineering/oss-cad-suite/lib/../share/yosys/lattice/cells_ff.vh:8.1-8.261.
Generating RTLIL representation for module `\FD1S3AX'.
Replacing existing blackbox module `\FD1S3AY' at /home/tcovert/FPGA_Projects/reverse_engineering/oss-cad-suite/lib/../share/yosys/lattice/cells_ff.vh:9.1-9.261.
Generating RTLIL representation for module `\FD1S3AY'.
Replacing existing blackbox module `\FD1S3BX' at /home/tcovert/FPGA_Projects/reverse_engineering/oss-cad-suite/lib/../share/yosys/lattice/cells_ff.vh:10.1-10.261.
Generating RTLIL representation for module `\FD1S3BX'.
Replacing existing blackbox module `\FD1S3DX' at /home/tcovert/FPGA_Projects/reverse_engineering/oss-cad-suite/lib/../share/yosys/lattice/cells_ff.vh:11.1-11.261.
Generating RTLIL representation for module `\FD1S3DX'.
Replacing existing blackbox module `\FD1S3IX' at /home/tcovert/FPGA_Projects/reverse_engineering/oss-cad-suite/lib/../share/yosys/lattice/cells_ff.vh:12.1-12.261.
Generating RTLIL representation for module `\FD1S3IX'.
Replacing existing blackbox module `\FD1S3JX' at /home/tcovert/FPGA_Projects/reverse_engineering/oss-cad-suite/lib/../share/yosys/lattice/cells_ff.vh:13.1-13.261.
Generating RTLIL representation for module `\FD1S3JX'.
Replacing existing blackbox module `\IFS1P3BX' at /home/tcovert/FPGA_Projects/reverse_engineering/oss-cad-suite/lib/../share/yosys/lattice/cells_ff.vh:26.1-26.301.
Generating RTLIL representation for module `\IFS1P3BX'.
Replacing existing blackbox module `\IFS1P3DX' at /home/tcovert/FPGA_Projects/reverse_engineering/oss-cad-suite/lib/../share/yosys/lattice/cells_ff.vh:27.1-27.301.
Generating RTLIL representation for module `\IFS1P3DX'.
Replacing existing blackbox module `\IFS1P3IX' at /home/tcovert/FPGA_Projects/reverse_engineering/oss-cad-suite/lib/../share/yosys/lattice/cells_ff.vh:28.1-28.301.
Generating RTLIL representation for module `\IFS1P3IX'.
Replacing existing blackbox module `\IFS1P3JX' at /home/tcovert/FPGA_Projects/reverse_engineering/oss-cad-suite/lib/../share/yosys/lattice/cells_ff.vh:29.1-29.301.
Generating RTLIL representation for module `\IFS1P3JX'.
Replacing existing blackbox module `\OFS1P3BX' at /home/tcovert/FPGA_Projects/reverse_engineering/oss-cad-suite/lib/../share/yosys/lattice/cells_ff.vh:31.1-31.302.
Generating RTLIL representation for module `\OFS1P3BX'.
Replacing existing blackbox module `\OFS1P3DX' at /home/tcovert/FPGA_Projects/reverse_engineering/oss-cad-suite/lib/../share/yosys/lattice/cells_ff.vh:32.1-32.302.
Generating RTLIL representation for module `\OFS1P3DX'.
Replacing existing blackbox module `\OFS1P3IX' at /home/tcovert/FPGA_Projects/reverse_engineering/oss-cad-suite/lib/../share/yosys/lattice/cells_ff.vh:33.1-33.302.
Generating RTLIL representation for module `\OFS1P3IX'.
Replacing existing blackbox module `\OFS1P3JX' at /home/tcovert/FPGA_Projects/reverse_engineering/oss-cad-suite/lib/../share/yosys/lattice/cells_ff.vh:34.1-34.302.
Generating RTLIL representation for module `\OFS1P3JX'.
Replacing existing blackbox module `\IB' at /home/tcovert/FPGA_Projects/reverse_engineering/oss-cad-suite/lib/../share/yosys/lattice/cells_io.vh:2.1-2.157.
Generating RTLIL representation for module `\IB'.
Replacing existing blackbox module `\IBPU' at /home/tcovert/FPGA_Projects/reverse_engineering/oss-cad-suite/lib/../share/yosys/lattice/cells_io.vh:3.1-3.157.
Generating RTLIL representation for module `\IBPU'.
Replacing existing blackbox module `\IBPD' at /home/tcovert/FPGA_Projects/reverse_engineering/oss-cad-suite/lib/../share/yosys/lattice/cells_io.vh:4.1-4.157.
Generating RTLIL representation for module `\IBPD'.
Replacing existing blackbox module `\OB' at /home/tcovert/FPGA_Projects/reverse_engineering/oss-cad-suite/lib/../share/yosys/lattice/cells_io.vh:5.1-5.157.
Generating RTLIL representation for module `\OB'.
Replacing existing blackbox module `\OBZ' at /home/tcovert/FPGA_Projects/reverse_engineering/oss-cad-suite/lib/../share/yosys/lattice/cells_io.vh:6.1-6.164.
Generating RTLIL representation for module `\OBZ'.
Replacing existing blackbox module `\OBZPU' at /home/tcovert/FPGA_Projects/reverse_engineering/oss-cad-suite/lib/../share/yosys/lattice/cells_io.vh:7.1-7.164.
Generating RTLIL representation for module `\OBZPU'.
Replacing existing blackbox module `\OBZPD' at /home/tcovert/FPGA_Projects/reverse_engineering/oss-cad-suite/lib/../share/yosys/lattice/cells_io.vh:8.1-8.164.
Generating RTLIL representation for module `\OBZPD'.
Replacing existing blackbox module `\OBCO' at /home/tcovert/FPGA_Projects/reverse_engineering/oss-cad-suite/lib/../share/yosys/lattice/cells_io.vh:9.1-9.90.
Generating RTLIL representation for module `\OBCO'.
Replacing existing blackbox module `\BB' at /home/tcovert/FPGA_Projects/reverse_engineering/oss-cad-suite/lib/../share/yosys/lattice/cells_io.vh:10.1-10.179.
Generating RTLIL representation for module `\BB'.
Replacing existing blackbox module `\BBPU' at /home/tcovert/FPGA_Projects/reverse_engineering/oss-cad-suite/lib/../share/yosys/lattice/cells_io.vh:11.1-11.179.
Generating RTLIL representation for module `\BBPU'.
Replacing existing blackbox module `\BBPD' at /home/tcovert/FPGA_Projects/reverse_engineering/oss-cad-suite/lib/../share/yosys/lattice/cells_io.vh:12.1-12.179.
Generating RTLIL representation for module `\BBPD'.
Replacing existing blackbox module `\ILVDS' at /home/tcovert/FPGA_Projects/reverse_engineering/oss-cad-suite/lib/../share/yosys/lattice/cells_io.vh:13.1-13.139.
Generating RTLIL representation for module `\ILVDS'.
Replacing existing blackbox module `\OLVDS' at /home/tcovert/FPGA_Projects/reverse_engineering/oss-cad-suite/lib/../share/yosys/lattice/cells_io.vh:14.1-14.146.
Generating RTLIL representation for module `\OLVDS'.
Successfully finished Verilog frontend.

2.2. Executing Verilog-2005 frontend: /home/tcovert/FPGA_Projects/reverse_engineering/oss-cad-suite/lib/../share/yosys/lattice/cells_bb_ecp5.v
Parsing Verilog input from `/home/tcovert/FPGA_Projects/reverse_engineering/oss-cad-suite/lib/../share/yosys/lattice/cells_bb_ecp5.v' to AST representation.
verilog frontend filename /home/tcovert/FPGA_Projects/reverse_engineering/oss-cad-suite/lib/../share/yosys/lattice/cells_bb_ecp5.v
Generating RTLIL representation for module `\GSR'.
Generating RTLIL representation for module `\PUR'.
Generating RTLIL representation for module `\SGSR'.
Generating RTLIL representation for module `\PDPW16KD'.
Generating RTLIL representation for module `\MULT18X18D'.
Generating RTLIL representation for module `\ALU54B'.
Generating RTLIL representation for module `\CLKDIVF'.
Generating RTLIL representation for module `\PCSCLKDIV'.
Generating RTLIL representation for module `\DCSC'.
Generating RTLIL representation for module `\DCCA'.
Generating RTLIL representation for module `\ECLKSYNCB'.
Generating RTLIL representation for module `\ECLKBRIDGECS'.
Generating RTLIL representation for module `\DELAYF'.
Generating RTLIL representation for module `\DELAYG'.
Generating RTLIL representation for module `\USRMCLK'.
Generating RTLIL representation for module `\DQSBUFM'.
Generating RTLIL representation for module `\DDRDLLA'.
Generating RTLIL representation for module `\DLLDELD'.
Generating RTLIL representation for module `\IDDRX1F'.
Generating RTLIL representation for module `\IDDRX2F'.
Generating RTLIL representation for module `\IDDR71B'.
Generating RTLIL representation for module `\IDDRX2DQA'.
Generating RTLIL representation for module `\ODDRX1F'.
Generating RTLIL representation for module `\ODDRX2F'.
Generating RTLIL representation for module `\ODDR71B'.
Generating RTLIL representation for module `\OSHX2A'.
Generating RTLIL representation for module `\TSHX2DQA'.
Generating RTLIL representation for module `\TSHX2DQSA'.
Generating RTLIL representation for module `\ODDRX2DQA'.
Generating RTLIL representation for module `\ODDRX2DQSB'.
Generating RTLIL representation for module `\EHXPLLL'.
Generating RTLIL representation for module `\DTR'.
Generating RTLIL representation for module `\OSCG'.
Generating RTLIL representation for module `\EXTREFB'.
Generating RTLIL representation for module `\JTAGG'.
Generating RTLIL representation for module `\DCUA'.
Successfully finished Verilog frontend.

2.3. Executing HIERARCHY pass (managing design hierarchy).

2.4. Executing AST frontend in derive mode using pre-parsed AST for module `\blinky'.
Generating RTLIL representation for module `\blinky'.

2.4.1. Analyzing design hierarchy..
Top module:  \blinky

2.4.2. Analyzing design hierarchy..
Top module:  \blinky
Removing unused module `$abstract\blinky'.
Removed 1 unused modules.

2.5. Executing PROC pass (convert processes to netlists).

2.5.1. Executing PROC_CLEAN pass (remove empty switches from decision trees).
Cleaned up 0 empty switches.

2.5.2. Executing PROC_RMDEAD pass (remove dead branches from decision trees).
Marked 1 switch rules as full_case in process $proc$src/blinky.v:34$230 in module blinky.
Marked 2 switch rules as full_case in process $proc$src/blinky.v:20$226 in module blinky.
Removed a total of 0 dead cases.

2.5.3. Executing PROC_PRUNE pass (remove redundant assignments in processes).
Removed 2 redundant assignments.
Promoted 0 assignments to connections.

2.5.4. Executing PROC_INIT pass (extract init attributes).

2.5.5. Executing PROC_ARST pass (detect async resets in processes).
Found async reset \rst_n in `\blinky.$proc$src/blinky.v:34$230'.
Found async reset \rst_n in `\blinky.$proc$src/blinky.v:20$226'.

2.5.6. Executing PROC_ROM pass (convert switches to ROMs).
Converted 0 switches.
<suppressed ~2 debug messages>

2.5.7. Executing PROC_MUX pass (convert decision trees to multiplexers).
Creating decoders for process `\blinky.$proc$src/blinky.v:34$230'.
     1/1: $0\led[7:0]
Creating decoders for process `\blinky.$proc$src/blinky.v:20$226'.
     1/2: $0\tick[0:0]
     2/2: $0\prescaler[23:0]

2.5.8. Executing PROC_DLATCH pass (convert process syncs to latches).

2.5.9. Executing PROC_DFF pass (convert process syncs to FFs).
Creating register for signal `\blinky.\led' using process `\blinky.$proc$src/blinky.v:34$230'.
  created $adff cell `$procdff$244' with positive edge clock and positive level reset.
Creating register for signal `\blinky.\prescaler' using process `\blinky.$proc$src/blinky.v:20$226'.
  created $adff cell `$procdff$249' with positive edge clock and positive level reset.
Creating register for signal `\blinky.\tick' using process `\blinky.$proc$src/blinky.v:20$226'.
  created $adff cell `$procdff$254' with positive edge clock and positive level reset.

2.5.10. Executing PROC_MEMWR pass (convert process memory writes to cells).

2.5.11. Executing PROC_CLEAN pass (remove empty switches from decision trees).
Found and cleaned up 1 empty switch in `\blinky.$proc$src/blinky.v:34$230'.
Removing empty process `blinky.$proc$src/blinky.v:34$230'.
Found and cleaned up 1 empty switch in `\blinky.$proc$src/blinky.v:20$226'.
Removing empty process `blinky.$proc$src/blinky.v:20$226'.
Cleaned up 2 empty switches.

2.5.12. Executing OPT_EXPR pass (perform const folding).
Optimizing module blinky.
<suppressed ~6 debug messages>

2.6. Executing FLATTEN pass (flatten design).

2.7. Executing TRIBUF pass.

2.8. Executing DEMINOUT pass (demote inout ports to input or output).

2.9. Executing OPT_EXPR pass (perform const folding).
Optimizing module blinky.

2.10. Executing OPT_CLEAN pass (remove unused cells and wires).
Finding unused cells or wires in module \blinky..
Removed 5 unused cells and 14 unused wires.
<suppressed ~6 debug messages>

2.11. Executing CHECK pass (checking for obvious problems).
Checking module blinky...
Found and reported 0 problems.

2.12. Executing OPT pass (performing simple optimizations).

2.12.1. Executing OPT_EXPR pass (perform const folding).
Optimizing module blinky.

2.12.2. Executing OPT_MERGE pass (detect identical cells).
Finding identical cells in module `\blinky'.
Removed a total of 0 cells.

2.12.3. Executing OPT_MUXTREE pass (detect dead branches in mux trees).
Running muxtree optimizer on module \blinky..
  Creating internal representation of mux trees.
  Evaluating internal representation of mux trees.
  Analyzing evaluation results.
Removed 0 multiplexer ports.
<suppressed ~6 debug messages>

2.12.4. Executing OPT_REDUCE pass (consolidate $*mux and $reduce_* inputs).
  Optimizing cells in module \blinky.
Performed a total of 0 changes.

2.12.5. Executing OPT_MERGE pass (detect identical cells).
Finding identical cells in module `\blinky'.
Removed a total of 0 cells.

2.12.6. Executing OPT_DFF pass (perform DFF optimizations).

2.12.7. Executing OPT_CLEAN pass (remove unused cells and wires).
Finding unused cells or wires in module \blinky..

2.12.8. Executing OPT_EXPR pass (perform const folding).
Optimizing module blinky.

2.12.9. Finished fast OPT passes. (There is nothing left to do.)

2.13. Executing FSM pass (extract and optimize FSM).

2.13.1. Executing FSM_DETECT pass (finding FSMs in design).

2.13.2. Executing FSM_EXTRACT pass (extracting FSM from design).

2.13.3. Executing FSM_OPT pass (simple optimizations of FSMs).

2.13.4. Executing OPT_CLEAN pass (remove unused cells and wires).
Finding unused cells or wires in module \blinky..

2.13.5. Executing FSM_OPT pass (simple optimizations of FSMs).

2.13.6. Executing FSM_RECODE pass (re-assigning FSM state encoding).

2.13.7. Executing FSM_INFO pass (dumping all available information on FSM cells).

2.13.8. Executing FSM_MAP pass (mapping FSMs to basic logic).

2.14. Executing OPT pass (performing simple optimizations).

2.14.1. Executing OPT_EXPR pass (perform const folding).
Optimizing module blinky.

2.14.2. Executing OPT_MERGE pass (detect identical cells).
Finding identical cells in module `\blinky'.
Removed a total of 0 cells.

2.14.3. Executing OPT_MUXTREE pass (detect dead branches in mux trees).
Running muxtree optimizer on module \blinky..
  Creating internal representation of mux trees.
  Evaluating internal representation of mux trees.
  Analyzing evaluation results.
Removed 0 multiplexer ports.
<suppressed ~6 debug messages>

2.14.4. Executing OPT_REDUCE pass (consolidate $*mux and $reduce_* inputs).
  Optimizing cells in module \blinky.
Performed a total of 0 changes.

2.14.5. Executing OPT_MERGE pass (detect identical cells).
Finding identical cells in module `\blinky'.
Removed a total of 0 cells.

2.14.6. Executing OPT_DFF pass (perform DFF optimizations).
Adding EN signal on $procdff$244 ($adff) from module blinky (D = { \led [6:0] \led [7] }, Q = \led).

2.14.7. Executing OPT_CLEAN pass (remove unused cells and wires).
Finding unused cells or wires in module \blinky..
Removed 1 unused cells and 1 unused wires.
<suppressed ~2 debug messages>

2.14.8. Executing OPT_EXPR pass (perform const folding).
Optimizing module blinky.

2.14.9. Rerunning OPT passes. (Maybe there is more to do..)

2.14.10. Executing OPT_MUXTREE pass (detect dead branches in mux trees).
Running muxtree optimizer on module \blinky..
  Creating internal representation of mux trees.
  Evaluating internal representation of mux trees.
  Analyzing evaluation results.
Removed 0 multiplexer ports.
<suppressed ~4 debug messages>

2.14.11. Executing OPT_REDUCE pass (consolidate $*mux and $reduce_* inputs).
  Optimizing cells in module \blinky.
Performed a total of 0 changes.

2.14.12. Executing OPT_MERGE pass (detect identical cells).
Finding identical cells in module `\blinky'.
Removed a total of 0 cells.

2.14.13. Executing OPT_DFF pass (perform DFF optimizations).

2.14.14. Executing OPT_CLEAN pass (remove unused cells and wires).
Finding unused cells or wires in module \blinky..

2.14.15. Executing OPT_EXPR pass (perform const folding).
Optimizing module blinky.

2.14.16. Finished fast OPT passes. (There is nothing left to do.)

2.15. Executing WREDUCE pass (reducing word size of cells).

2.16. Executing PEEPOPT pass (run peephole optimizers).

2.17. Executing OPT_CLEAN pass (remove unused cells and wires).
Finding unused cells or wires in module \blinky..

2.18. Executing SHARE pass (SAT-based resource sharing).

2.19. Executing TECHMAP pass (map to technology primitives).

2.19.1. Executing Verilog-2005 frontend: /home/tcovert/FPGA_Projects/reverse_engineering/oss-cad-suite/lib/../share/yosys/cmp2lut.v
Parsing Verilog input from `/home/tcovert/FPGA_Projects/reverse_engineering/oss-cad-suite/lib/../share/yosys/cmp2lut.v' to AST representation.
verilog frontend filename /home/tcovert/FPGA_Projects/reverse_engineering/oss-cad-suite/lib/../share/yosys/cmp2lut.v
Generating RTLIL representation for module `\_90_lut_cmp_'.
Successfully finished Verilog frontend.

2.19.2. Continuing TECHMAP pass.
No more expansions possible.
<suppressed ~6 debug messages>

2.20. Executing OPT_EXPR pass (perform const folding).
Optimizing module blinky.

2.21. Executing OPT_CLEAN pass (remove unused cells and wires).
Finding unused cells or wires in module \blinky..

2.22. Executing TECHMAP pass (map to technology primitives).

2.22.1. Executing Verilog-2005 frontend: /home/tcovert/FPGA_Projects/reverse_engineering/oss-cad-suite/lib/../share/yosys/mul2dsp.v
Parsing Verilog input from `/home/tcovert/FPGA_Projects/reverse_engineering/oss-cad-suite/lib/../share/yosys/mul2dsp.v' to AST representation.
verilog frontend filename /home/tcovert/FPGA_Projects/reverse_engineering/oss-cad-suite/lib/../share/yosys/mul2dsp.v
Generating RTLIL representation for module `\_80_mul'.
Generating RTLIL representation for module `\_90_soft_mul'.
Successfully finished Verilog frontend.

2.22.2. Continuing TECHMAP pass.
No more expansions possible.
<suppressed ~4 debug messages>

2.23. Executing TECHMAP pass (map to technology primitives).

2.23.1. Executing Verilog-2005 frontend: /home/tcovert/FPGA_Projects/reverse_engineering/oss-cad-suite/lib/../share/yosys/lattice/dsp_map_18x18.v
Parsing Verilog input from `/home/tcovert/FPGA_Projects/reverse_engineering/oss-cad-suite/lib/../share/yosys/lattice/dsp_map_18x18.v' to AST representation.
verilog frontend filename /home/tcovert/FPGA_Projects/reverse_engineering/oss-cad-suite/lib/../share/yosys/lattice/dsp_map_18x18.v
Generating RTLIL representation for module `\$__MUL18X18'.
Successfully finished Verilog frontend.

2.23.2. Continuing TECHMAP pass.
No more expansions possible.
<suppressed ~3 debug messages>

2.24. Executing ALUMACC pass (create $alu and $macc cells).
Extracting $alu and $macc cells in module blinky:
  creating $macc model for $add$src/blinky.v:28$229 ($add).
  creating $alu model for $macc $add$src/blinky.v:28$229.
  creating $alu cell for $add$src/blinky.v:28$229: $auto$alumacc.cc:512:replace_alu$257
  created 1 $alu and 0 $macc cells.

2.25. Executing OPT pass (performing simple optimizations).

2.25.1. Executing OPT_EXPR pass (perform const folding).
Optimizing module blinky.

2.25.2. Executing OPT_MERGE pass (detect identical cells).
Finding identical cells in module `\blinky'.
Removed a total of 0 cells.

2.25.3. Executing OPT_MUXTREE pass (detect dead branches in mux trees).
Running muxtree optimizer on module \blinky..
  Creating internal representation of mux trees.
  Evaluating internal representation of mux trees.
  Analyzing evaluation results.
Removed 0 multiplexer ports.
<suppressed ~4 debug messages>

2.25.4. Executing OPT_REDUCE pass (consolidate $*mux and $reduce_* inputs).
  Optimizing cells in module \blinky.
Performed a total of 0 changes.

2.25.5. Executing OPT_MERGE pass (detect identical cells).
Finding identical cells in module `\blinky'.
Removed a total of 0 cells.

2.25.6. Executing OPT_DFF pass (perform DFF optimizations).

2.25.7. Executing OPT_CLEAN pass (remove unused cells and wires).
Finding unused cells or wires in module \blinky..

2.25.8. Executing OPT_EXPR pass (perform const folding).
Optimizing module blinky.

2.25.9. Finished fast OPT passes. (There is nothing left to do.)

2.26. Executing MEMORY pass.

2.26.1. Executing OPT_MEM pass (optimize memories).
Performed a total of 0 transformations.

2.26.2. Executing OPT_MEM_PRIORITY pass (removing unnecessary memory write priority relations).
Performed a total of 0 transformations.

2.26.3. Executing OPT_MEM_FEEDBACK pass (finding memory read-to-write feedback paths).

2.26.4. Executing MEMORY_BMUX2ROM pass (converting muxes to ROMs).

2.26.5. Executing MEMORY_DFF pass (merging $dff cells to $memrd).

2.26.6. Executing OPT_CLEAN pass (remove unused cells and wires).
Finding unused cells or wires in module \blinky..

2.26.7. Executing MEMORY_SHARE pass (consolidating $memrd/$memwr cells).

2.26.8. Executing OPT_MEM_WIDEN pass (optimize memories where all ports are wide).
Performed a total of 0 transformations.

2.26.9. Executing OPT_CLEAN pass (remove unused cells and wires).
Finding unused cells or wires in module \blinky..

2.26.10. Executing MEMORY_COLLECT pass (generating $mem cells).

2.27. Executing OPT_CLEAN pass (remove unused cells and wires).
Finding unused cells or wires in module \blinky..

2.28. Executing MEMORY_LIBMAP pass (mapping memories to cells).

2.29. Executing TECHMAP pass (map to technology primitives).

2.29.1. Executing Verilog-2005 frontend: /home/tcovert/FPGA_Projects/reverse_engineering/oss-cad-suite/lib/../share/yosys/lattice/lutrams_map_trellis.v
Parsing Verilog input from `/home/tcovert/FPGA_Projects/reverse_engineering/oss-cad-suite/lib/../share/yosys/lattice/lutrams_map_trellis.v' to AST representation.
verilog frontend filename /home/tcovert/FPGA_Projects/reverse_engineering/oss-cad-suite/lib/../share/yosys/lattice/lutrams_map_trellis.v
Generating RTLIL representation for module `\$__TRELLIS_DPR16X4_'.
Successfully finished Verilog frontend.

2.29.2. Executing Verilog-2005 frontend: /home/tcovert/FPGA_Projects/reverse_engineering/oss-cad-suite/lib/../share/yosys/lattice/brams_map_16kd.v
Parsing Verilog input from `/home/tcovert/FPGA_Projects/reverse_engineering/oss-cad-suite/lib/../share/yosys/lattice/brams_map_16kd.v' to AST representation.
verilog frontend filename /home/tcovert/FPGA_Projects/reverse_engineering/oss-cad-suite/lib/../share/yosys/lattice/brams_map_16kd.v
Generating RTLIL representation for module `\$__DP16KD_'.
Generating RTLIL representation for module `\$__PDPW16KD_'.
Successfully finished Verilog frontend.

2.29.3. Continuing TECHMAP pass.
No more expansions possible.
<suppressed ~5 debug messages>

2.30. Executing OPT pass (performing simple optimizations).

2.30.1. Executing OPT_EXPR pass (perform const folding).
Optimizing module blinky.
<suppressed ~1 debug messages>

2.30.2. Executing OPT_MERGE pass (detect identical cells).
Finding identical cells in module `\blinky'.
Removed a total of 0 cells.

2.30.3. Executing OPT_DFF pass (perform DFF optimizations).

2.30.4. Executing OPT_CLEAN pass (remove unused cells and wires).
Finding unused cells or wires in module \blinky..
Removed 0 unused cells and 1 unused wires.
<suppressed ~1 debug messages>

2.30.5. Finished fast OPT passes.

2.31. Executing MEMORY_MAP pass (converting memories to logic and flip-flops).

2.32. Executing OPT pass (performing simple optimizations).

2.32.1. Executing OPT_EXPR pass (perform const folding).
Optimizing module blinky.

2.32.2. Executing OPT_MERGE pass (detect identical cells).
Finding identical cells in module `\blinky'.
Removed a total of 0 cells.

2.32.3. Executing OPT_MUXTREE pass (detect dead branches in mux trees).
Running muxtree optimizer on module \blinky..
  Creating internal representation of mux trees.
  Evaluating internal representation of mux trees.
  Analyzing evaluation results.
Removed 0 multiplexer ports.
<suppressed ~2 debug messages>

2.32.4. Executing OPT_REDUCE pass (consolidate $*mux and $reduce_* inputs).
  Optimizing cells in module \blinky.
Performed a total of 0 changes.

2.32.5. Executing OPT_MERGE pass (detect identical cells).
Finding identical cells in module `\blinky'.
Removed a total of 0 cells.

2.32.6. Executing OPT_DFF pass (perform DFF optimizations).

2.32.7. Executing OPT_CLEAN pass (remove unused cells and wires).
Finding unused cells or wires in module \blinky..

2.32.8. Executing OPT_EXPR pass (perform const folding).
Optimizing module blinky.

2.32.9. Finished fast OPT passes. (There is nothing left to do.)

2.33. Executing TECHMAP pass (map to technology primitives).

2.33.1. Executing Verilog-2005 frontend: /home/tcovert/FPGA_Projects/reverse_engineering/oss-cad-suite/lib/../share/yosys/techmap.v
Parsing Verilog input from `/home/tcovert/FPGA_Projects/reverse_engineering/oss-cad-suite/lib/../share/yosys/techmap.v' to AST representation.
verilog frontend filename /home/tcovert/FPGA_Projects/reverse_engineering/oss-cad-suite/lib/../share/yosys/techmap.v
Generating RTLIL representation for module `\_90_simplemap_bool_ops'.
Generating RTLIL representation for module `\_90_simplemap_reduce_ops'.
Generating RTLIL representation for module `\_90_simplemap_logic_ops'.
Generating RTLIL representation for module `\_90_simplemap_compare_ops'.
Generating RTLIL representation for module `\_90_simplemap_various'.
Generating RTLIL representation for module `\_90_simplemap_registers'.
Generating RTLIL representation for module `\_90_shift_ops_shr_shl_sshl_sshr'.
Generating RTLIL representation for module `\_90_shift_shiftx'.
Generating RTLIL representation for module `\_90_fa'.
Generating RTLIL representation for module `\_90_lcu_brent_kung'.
Generating RTLIL representation for module `\_90_alu'.
Generating RTLIL representation for module `\_90_macc'.
Generating RTLIL representation for module `\_90_alumacc'.
Generating RTLIL representation for module `\$__div_mod_u'.
Generating RTLIL representation for module `\$__div_mod_trunc'.
Generating RTLIL representation for module `\_90_div'.
Generating RTLIL representation for module `\_90_mod'.
Generating RTLIL representation for module `\$__div_mod_floor'.
Generating RTLIL representation for module `\_90_divfloor'.
Generating RTLIL representation for module `\_90_modfloor'.
Generating RTLIL representation for module `\_90_pow'.
Generating RTLIL representation for module `\_90_pmux'.
Generating RTLIL representation for module `\_90_demux'.
Generating RTLIL representation for module `\_90_lut'.
Generating RTLIL representation for module `\$connect'.
Generating RTLIL representation for module `\$input_port'.
Successfully finished Verilog frontend.

2.33.2. Executing Verilog-2005 frontend: /home/tcovert/FPGA_Projects/reverse_engineering/oss-cad-suite/lib/../share/yosys/lattice/arith_map_ccu2c.v
Parsing Verilog input from `/home/tcovert/FPGA_Projects/reverse_engineering/oss-cad-suite/lib/../share/yosys/lattice/arith_map_ccu2c.v' to AST representation.
verilog frontend filename /home/tcovert/FPGA_Projects/reverse_engineering/oss-cad-suite/lib/../share/yosys/lattice/arith_map_ccu2c.v
Generating RTLIL representation for module `\_80_ccu2c_alu'.
Successfully finished Verilog frontend.

2.33.3. Continuing TECHMAP pass.
Using template $paramod$79aa992f2eb7f354d4aaf651790713cf239111fa\_80_ccu2c_alu for cells of type $alu.
Using extmapper simplemap for cells of type $adffe.
Using extmapper simplemap for cells of type $eq.
Using extmapper simplemap for cells of type $mux.
Using extmapper simplemap for cells of type $adff.
Using extmapper simplemap for cells of type $logic_or.
Using extmapper simplemap for cells of type $logic_and.
Using extmapper simplemap for cells of type $xor.
Using extmapper simplemap for cells of type $not.
Using extmapper simplemap for cells of type $pos.
No more expansions possible.
<suppressed ~155 debug messages>

2.34. Executing OPT pass (performing simple optimizations).

2.34.1. Executing OPT_EXPR pass (perform const folding).
Optimizing module blinky.
<suppressed ~133 debug messages>

2.34.2. Executing OPT_MERGE pass (detect identical cells).
Finding identical cells in module `\blinky'.
<suppressed ~51 debug messages>
Removed a total of 17 cells.

2.34.3. Executing OPT_DFF pass (perform DFF optimizations).

2.34.4. Executing OPT_CLEAN pass (remove unused cells and wires).
Finding unused cells or wires in module \blinky..
Removed 19 unused cells and 70 unused wires.
<suppressed ~20 debug messages>

2.34.5. Finished fast OPT passes.

2.35. Executing OPT_CLEAN pass (remove unused cells and wires).
Finding unused cells or wires in module \blinky..

2.36. Executing DFFLEGALIZE pass (convert FFs to types supported by the target).

2.37. Executing OPT_MERGE pass (detect identical cells).
Finding identical cells in module `\blinky'.
<suppressed ~96 debug messages>
Removed a total of 32 cells.

2.38. Executing TECHMAP pass (map to technology primitives).

2.38.1. Executing Verilog-2005 frontend: /home/tcovert/FPGA_Projects/reverse_engineering/oss-cad-suite/lib/../share/yosys/lattice/cells_map_trellis.v
Parsing Verilog input from `/home/tcovert/FPGA_Projects/reverse_engineering/oss-cad-suite/lib/../share/yosys/lattice/cells_map_trellis.v' to AST representation.
verilog frontend filename /home/tcovert/FPGA_Projects/reverse_engineering/oss-cad-suite/lib/../share/yosys/lattice/cells_map_trellis.v
Generating RTLIL representation for module `\$_DFF_N_'.
Generating RTLIL representation for module `\$_DFF_P_'.
Generating RTLIL representation for module `\$_DFFE_NN_'.
Generating RTLIL representation for module `\$_DFFE_PN_'.
Generating RTLIL representation for module `\$_DFFE_NP_'.
Generating RTLIL representation for module `\$_DFFE_PP_'.
Generating RTLIL representation for module `\$_DFF_NP0_'.
Generating RTLIL representation for module `\$_DFF_NP1_'.
Generating RTLIL representation for module `\$_DFF_PP0_'.
Generating RTLIL representation for module `\$_DFF_PP1_'.
Generating RTLIL representation for module `\$_SDFF_NP0_'.
Generating RTLIL representation for module `\$_SDFF_NP1_'.
Generating RTLIL representation for module `\$_SDFF_PP0_'.
Generating RTLIL representation for module `\$_SDFF_PP1_'.
Generating RTLIL representation for module `\$_DFFE_NP0P_'.
Generating RTLIL representation for module `\$_DFFE_NP1P_'.
Generating RTLIL representation for module `\$_DFFE_PP0P_'.
Generating RTLIL representation for module `\$_DFFE_PP1P_'.
Generating RTLIL representation for module `\$_DFFE_NP0N_'.
Generating RTLIL representation for module `\$_DFFE_NP1N_'.
Generating RTLIL representation for module `\$_DFFE_PP0N_'.
Generating RTLIL representation for module `\$_DFFE_PP1N_'.
Generating RTLIL representation for module `\$_SDFFE_NP0P_'.
Generating RTLIL representation for module `\$_SDFFE_NP1P_'.
Generating RTLIL representation for module `\$_SDFFE_PP0P_'.
Generating RTLIL representation for module `\$_SDFFE_PP1P_'.
Generating RTLIL representation for module `\$_SDFFE_NP0N_'.
Generating RTLIL representation for module `\$_SDFFE_NP1N_'.
Generating RTLIL representation for module `\$_SDFFE_PP0N_'.
Generating RTLIL representation for module `\$_SDFFE_PP1N_'.
Generating RTLIL representation for module `\$_ALDFF_NP_'.
Generating RTLIL representation for module `\$_ALDFF_PP_'.
Generating RTLIL representation for module `\$_ALDFFE_NPN_'.
Generating RTLIL representation for module `\$_ALDFFE_NPP_'.
Generating RTLIL representation for module `\$_ALDFFE_PPN_'.
Generating RTLIL representation for module `\$_ALDFFE_PPP_'.
Generating RTLIL representation for module `\FD1P3AX'.
Generating RTLIL representation for module `\FD1P3AY'.
Generating RTLIL representation for module `\FD1P3BX'.
Generating RTLIL representation for module `\FD1P3DX'.
Generating RTLIL representation for module `\FD1P3IX'.
Generating RTLIL representation for module `\FD1P3JX'.
Generating RTLIL representation for module `\FD1S3AX'.
Generating RTLIL representation for module `\FD1S3AY'.
Generating RTLIL representation for module `\FD1S3BX'.
Generating RTLIL representation for module `\FD1S3DX'.
Generating RTLIL representation for module `\FD1S3IX'.
Generating RTLIL representation for module `\FD1S3JX'.
Generating RTLIL representation for module `\IFS1P3BX'.
Generating RTLIL representation for module `\IFS1P3DX'.
Generating RTLIL representation for module `\IFS1P3IX'.
Generating RTLIL representation for module `\IFS1P3JX'.
Generating RTLIL representation for module `\OFS1P3BX'.
Generating RTLIL representation for module `\OFS1P3DX'.
Generating RTLIL representation for module `\OFS1P3IX'.
Generating RTLIL representation for module `\OFS1P3JX'.
Generating RTLIL representation for module `\IB'.
Generating RTLIL representation for module `\IBPU'.
Generating RTLIL representation for module `\IBPD'.
Generating RTLIL representation for module `\OB'.
Generating RTLIL representation for module `\OBZ'.
Generating RTLIL representation for module `\OBZPU'.
Generating RTLIL representation for module `\OBZPD'.
Generating RTLIL representation for module `\OBCO'.
Generating RTLIL representation for module `\BB'.
Generating RTLIL representation for module `\BBPU'.
Generating RTLIL representation for module `\BBPD'.
Generating RTLIL representation for module `\ILVDS'.
Generating RTLIL representation for module `\OLVDS'.
Successfully finished Verilog frontend.

2.38.2. Continuing TECHMAP pass.
Using template \$_DFF_PP0_ for cells of type $_DFF_PP0_.
Using template \$_DFFE_PP1P_ for cells of type $_DFFE_PP1P_.
Using template \$_DFFE_PP0P_ for cells of type $_DFFE_PP0P_.
No more expansions possible.
<suppressed ~104 debug messages>

2.39. Executing OPT_EXPR pass (perform const folding).
Optimizing module blinky.

2.40. Executing SIMPLEMAP pass (map simple cells to gate primitives).

2.41. Executing LATTICE_GSR pass (implement FF init values).
Handling GSR in blinky.

2.42. Executing ATTRMVCP pass (move or copy attributes).

2.43. Executing OPT_CLEAN pass (remove unused cells and wires).
Finding unused cells or wires in module \blinky..
Removed 0 unused cells and 205 unused wires.
<suppressed ~1 debug messages>

2.44. Executing TECHMAP pass (map to technology primitives).

2.44.1. Executing Verilog-2005 frontend: /home/tcovert/FPGA_Projects/reverse_engineering/oss-cad-suite/lib/../share/yosys/lattice/latches_map.v
Parsing Verilog input from `/home/tcovert/FPGA_Projects/reverse_engineering/oss-cad-suite/lib/../share/yosys/lattice/latches_map.v' to AST representation.
verilog frontend filename /home/tcovert/FPGA_Projects/reverse_engineering/oss-cad-suite/lib/../share/yosys/lattice/latches_map.v
Generating RTLIL representation for module `\$_DLATCH_N_'.
Generating RTLIL representation for module `\$_DLATCH_P_'.
Successfully finished Verilog frontend.

2.44.2. Continuing TECHMAP pass.
No more expansions possible.
<suppressed ~4 debug messages>

2.45. Executing ABC9 pass.

2.45.1. Executing ABC9_OPS pass (helper functions for ABC9).

2.45.2. Executing ABC9_OPS pass (helper functions for ABC9).

2.45.3. Executing PROC pass (convert processes to netlists).

2.45.3.1. Executing PROC_CLEAN pass (remove empty switches from decision trees).
Cleaned up 0 empty switches.

2.45.3.2. Executing PROC_RMDEAD pass (remove dead branches from decision trees).
Marked 1 switch rules as full_case in process $proc$/home/tcovert/FPGA_Projects/reverse_engineering/oss-cad-suite/lib/../share/yosys/lattice/common_sim.vh:282$915 in module $paramod$b50ed6cf3f2b5c0e07657602cb4455d90f2562f9\TRELLIS_FF.
Removed a total of 0 dead cases.

2.45.3.3. Executing PROC_PRUNE pass (remove redundant assignments in processes).
Removed 0 redundant assignments.
Promoted 1 assignment to connection.

2.45.3.4. Executing PROC_INIT pass (extract init attributes).
Found init rule in `$paramod$b50ed6cf3f2b5c0e07657602cb4455d90f2562f9\TRELLIS_FF.$proc$/home/tcovert/FPGA_Projects/reverse_engineering/oss-cad-suite/lib/../share/yosys/lattice/common_sim.vh:278$916'.
  Set init value: \Q = 1'1

2.45.3.5. Executing PROC_ARST pass (detect async resets in processes).
Found async reset \muxlsr in `$paramod$b50ed6cf3f2b5c0e07657602cb4455d90f2562f9\TRELLIS_FF.$proc$/home/tcovert/FPGA_Projects/reverse_engineering/oss-cad-suite/lib/../share/yosys/lattice/common_sim.vh:282$915'.

2.45.3.6. Executing PROC_ROM pass (convert switches to ROMs).
Converted 0 switches.
<suppressed ~1 debug messages>

2.45.3.7. Executing PROC_MUX pass (convert decision trees to multiplexers).
Creating decoders for process `$paramod$b50ed6cf3f2b5c0e07657602cb4455d90f2562f9\TRELLIS_FF.$proc$/home/tcovert/FPGA_Projects/reverse_engineering/oss-cad-suite/lib/../share/yosys/lattice/common_sim.vh:278$916'.
Creating decoders for process `$paramod$b50ed6cf3f2b5c0e07657602cb4455d90f2562f9\TRELLIS_FF.$proc$/home/tcovert/FPGA_Projects/reverse_engineering/oss-cad-suite/lib/../share/yosys/lattice/common_sim.vh:282$915'.
     1/1: $0\Q[0:0]

2.45.3.8. Executing PROC_DLATCH pass (convert process syncs to latches).

2.45.3.9. Executing PROC_DFF pass (convert process syncs to FFs).
Creating register for signal `$paramod$b50ed6cf3f2b5c0e07657602cb4455d90f2562f9\TRELLIS_FF.\Q' using process `$paramod$b50ed6cf3f2b5c0e07657602cb4455d90f2562f9\TRELLIS_FF.$proc$/home/tcovert/FPGA_Projects/reverse_engineering/oss-cad-suite/lib/../share/yosys/lattice/common_sim.vh:282$915'.
  created $adff cell `$procdff$921' with positive edge clock and positive level reset.

2.45.3.10. Executing PROC_MEMWR pass (convert process memory writes to cells).

2.45.3.11. Executing PROC_CLEAN pass (remove empty switches from decision trees).
Removing empty process `$paramod$b50ed6cf3f2b5c0e07657602cb4455d90f2562f9\TRELLIS_FF.$proc$/home/tcovert/FPGA_Projects/reverse_engineering/oss-cad-suite/lib/../share/yosys/lattice/common_sim.vh:278$916'.
Found and cleaned up 1 empty switch in `$paramod$b50ed6cf3f2b5c0e07657602cb4455d90f2562f9\TRELLIS_FF.$proc$/home/tcovert/FPGA_Projects/reverse_engineering/oss-cad-suite/lib/../share/yosys/lattice/common_sim.vh:282$915'.
Removing empty process `$paramod$b50ed6cf3f2b5c0e07657602cb4455d90f2562f9\TRELLIS_FF.$proc$/home/tcovert/FPGA_Projects/reverse_engineering/oss-cad-suite/lib/../share/yosys/lattice/common_sim.vh:282$915'.
Cleaned up 1 empty switch.

2.45.4. Executing PROC pass (convert processes to netlists).

2.45.4.1. Executing PROC_CLEAN pass (remove empty switches from decision trees).
Cleaned up 0 empty switches.

2.45.4.2. Executing PROC_RMDEAD pass (remove dead branches from decision trees).
Marked 1 switch rules as full_case in process $proc$/home/tcovert/FPGA_Projects/reverse_engineering/oss-cad-suite/lib/../share/yosys/lattice/common_sim.vh:282$929 in module $paramod$37e41664cab9052a9b41c89036e0524f666a0fee\TRELLIS_FF.
Removed a total of 0 dead cases.

2.45.4.3. Executing PROC_PRUNE pass (remove redundant assignments in processes).
Removed 0 redundant assignments.
Promoted 1 assignment to connection.

2.45.4.4. Executing PROC_INIT pass (extract init attributes).
Found init rule in `$paramod$37e41664cab9052a9b41c89036e0524f666a0fee\TRELLIS_FF.$proc$/home/tcovert/FPGA_Projects/reverse_engineering/oss-cad-suite/lib/../share/yosys/lattice/common_sim.vh:278$930'.
  Set init value: \Q = 1'0

2.45.4.5. Executing PROC_ARST pass (detect async resets in processes).
Found async reset \muxlsr in `$paramod$37e41664cab9052a9b41c89036e0524f666a0fee\TRELLIS_FF.$proc$/home/tcovert/FPGA_Projects/reverse_engineering/oss-cad-suite/lib/../share/yosys/lattice/common_sim.vh:282$929'.

2.45.4.6. Executing PROC_ROM pass (convert switches to ROMs).
Converted 0 switches.
<suppressed ~1 debug messages>

2.45.4.7. Executing PROC_MUX pass (convert decision trees to multiplexers).
Creating decoders for process `$paramod$37e41664cab9052a9b41c89036e0524f666a0fee\TRELLIS_FF.$proc$/home/tcovert/FPGA_Projects/reverse_engineering/oss-cad-suite/lib/../share/yosys/lattice/common_sim.vh:278$930'.
Creating decoders for process `$paramod$37e41664cab9052a9b41c89036e0524f666a0fee\TRELLIS_FF.$proc$/home/tcovert/FPGA_Projects/reverse_engineering/oss-cad-suite/lib/../share/yosys/lattice/common_sim.vh:282$929'.
     1/1: $0\Q[0:0]

2.45.4.8. Executing PROC_DLATCH pass (convert process syncs to latches).

2.45.4.9. Executing PROC_DFF pass (convert process syncs to FFs).
Creating register for signal `$paramod$37e41664cab9052a9b41c89036e0524f666a0fee\TRELLIS_FF.\Q' using process `$paramod$37e41664cab9052a9b41c89036e0524f666a0fee\TRELLIS_FF.$proc$/home/tcovert/FPGA_Projects/reverse_engineering/oss-cad-suite/lib/../share/yosys/lattice/common_sim.vh:282$929'.
  created $adff cell `$procdff$935' with positive edge clock and positive level reset.

2.45.4.10. Executing PROC_MEMWR pass (convert process memory writes to cells).

2.45.4.11. Executing PROC_CLEAN pass (remove empty switches from decision trees).
Removing empty process `$paramod$37e41664cab9052a9b41c89036e0524f666a0fee\TRELLIS_FF.$proc$/home/tcovert/FPGA_Projects/reverse_engineering/oss-cad-suite/lib/../share/yosys/lattice/common_sim.vh:278$930'.
Found and cleaned up 1 empty switch in `$paramod$37e41664cab9052a9b41c89036e0524f666a0fee\TRELLIS_FF.$proc$/home/tcovert/FPGA_Projects/reverse_engineering/oss-cad-suite/lib/../share/yosys/lattice/common_sim.vh:282$929'.
Removing empty process `$paramod$37e41664cab9052a9b41c89036e0524f666a0fee\TRELLIS_FF.$proc$/home/tcovert/FPGA_Projects/reverse_engineering/oss-cad-suite/lib/../share/yosys/lattice/common_sim.vh:282$929'.
Cleaned up 1 empty switch.

2.45.5. Executing PROC pass (convert processes to netlists).

2.45.5.1. Executing PROC_CLEAN pass (remove empty switches from decision trees).
Cleaned up 0 empty switches.

2.45.5.2. Executing PROC_RMDEAD pass (remove dead branches from decision trees).
Marked 1 switch rules as full_case in process $proc$/home/tcovert/FPGA_Projects/reverse_engineering/oss-cad-suite/lib/../share/yosys/lattice/common_sim.vh:282$943 in module $paramod$68581f66a8fa831820fa7633bd24ba569ae9d7e3\TRELLIS_FF.
Removed a total of 0 dead cases.

2.45.5.3. Executing PROC_PRUNE pass (remove redundant assignments in processes).
Removed 0 redundant assignments.
Promoted 1 assignment to connection.

2.45.5.4. Executing PROC_INIT pass (extract init attributes).
Found init rule in `$paramod$68581f66a8fa831820fa7633bd24ba569ae9d7e3\TRELLIS_FF.$proc$/home/tcovert/FPGA_Projects/reverse_engineering/oss-cad-suite/lib/../share/yosys/lattice/common_sim.vh:278$944'.
  Set init value: \Q = 1'0

2.45.5.5. Executing PROC_ARST pass (detect async resets in processes).
Found async reset \muxlsr in `$paramod$68581f66a8fa831820fa7633bd24ba569ae9d7e3\TRELLIS_FF.$proc$/home/tcovert/FPGA_Projects/reverse_engineering/oss-cad-suite/lib/../share/yosys/lattice/common_sim.vh:282$943'.

2.45.5.6. Executing PROC_ROM pass (convert switches to ROMs).
Converted 0 switches.
<suppressed ~1 debug messages>

2.45.5.7. Executing PROC_MUX pass (convert decision trees to multiplexers).
Creating decoders for process `$paramod$68581f66a8fa831820fa7633bd24ba569ae9d7e3\TRELLIS_FF.$proc$/home/tcovert/FPGA_Projects/reverse_engineering/oss-cad-suite/lib/../share/yosys/lattice/common_sim.vh:278$944'.
Creating decoders for process `$paramod$68581f66a8fa831820fa7633bd24ba569ae9d7e3\TRELLIS_FF.$proc$/home/tcovert/FPGA_Projects/reverse_engineering/oss-cad-suite/lib/../share/yosys/lattice/common_sim.vh:282$943'.
     1/1: $0\Q[0:0]

2.45.5.8. Executing PROC_DLATCH pass (convert process syncs to latches).

2.45.5.9. Executing PROC_DFF pass (convert process syncs to FFs).
Creating register for signal `$paramod$68581f66a8fa831820fa7633bd24ba569ae9d7e3\TRELLIS_FF.\Q' using process `$paramod$68581f66a8fa831820fa7633bd24ba569ae9d7e3\TRELLIS_FF.$proc$/home/tcovert/FPGA_Projects/reverse_engineering/oss-cad-suite/lib/../share/yosys/lattice/common_sim.vh:282$943'.
  created $adff cell `$procdff$949' with positive edge clock and positive level reset.

2.45.5.10. Executing PROC_MEMWR pass (convert process memory writes to cells).

2.45.5.11. Executing PROC_CLEAN pass (remove empty switches from decision trees).
Removing empty process `$paramod$68581f66a8fa831820fa7633bd24ba569ae9d7e3\TRELLIS_FF.$proc$/home/tcovert/FPGA_Projects/reverse_engineering/oss-cad-suite/lib/../share/yosys/lattice/common_sim.vh:278$944'.
Found and cleaned up 1 empty switch in `$paramod$68581f66a8fa831820fa7633bd24ba569ae9d7e3\TRELLIS_FF.$proc$/home/tcovert/FPGA_Projects/reverse_engineering/oss-cad-suite/lib/../share/yosys/lattice/common_sim.vh:282$943'.
Removing empty process `$paramod$68581f66a8fa831820fa7633bd24ba569ae9d7e3\TRELLIS_FF.$proc$/home/tcovert/FPGA_Projects/reverse_engineering/oss-cad-suite/lib/../share/yosys/lattice/common_sim.vh:282$943'.
Cleaned up 1 empty switch.

2.45.6. Executing SCC pass (detecting logic loops).
Found 0 SCCs in module blinky.
Found 0 SCCs.

2.45.7. Executing ABC9_OPS pass (helper functions for ABC9).

2.45.8. Executing TECHMAP pass (map to technology primitives).

2.45.8.1. Executing Verilog-2005 frontend: /home/tcovert/FPGA_Projects/reverse_engineering/oss-cad-suite/lib/../share/yosys/techmap.v
Parsing Verilog input from `/home/tcovert/FPGA_Projects/reverse_engineering/oss-cad-suite/lib/../share/yosys/techmap.v' to AST representation.
verilog frontend filename /home/tcovert/FPGA_Projects/reverse_engineering/oss-cad-suite/lib/../share/yosys/techmap.v
Generating RTLIL representation for module `\_90_simplemap_bool_ops'.
Generating RTLIL representation for module `\_90_simplemap_reduce_ops'.
Generating RTLIL representation for module `\_90_simplemap_logic_ops'.
Generating RTLIL representation for module `\_90_simplemap_compare_ops'.
Generating RTLIL representation for module `\_90_simplemap_various'.
Generating RTLIL representation for module `\_90_simplemap_registers'.
Generating RTLIL representation for module `\_90_shift_ops_shr_shl_sshl_sshr'.
Generating RTLIL representation for module `\_90_shift_shiftx'.
Generating RTLIL representation for module `\_90_fa'.
Generating RTLIL representation for module `\_90_lcu_brent_kung'.
Generating RTLIL representation for module `\_90_alu'.
Generating RTLIL representation for module `\_90_macc'.
Generating RTLIL representation for module `\_90_alumacc'.
Generating RTLIL representation for module `\$__div_mod_u'.
Generating RTLIL representation for module `\$__div_mod_trunc'.
Generating RTLIL representation for module `\_90_div'.
Generating RTLIL representation for module `\_90_mod'.
Generating RTLIL representation for module `\$__div_mod_floor'.
Generating RTLIL representation for module `\_90_divfloor'.
Generating RTLIL representation for module `\_90_modfloor'.
Generating RTLIL representation for module `\_90_pow'.
Generating RTLIL representation for module `\_90_pmux'.
Generating RTLIL representation for module `\_90_demux'.
Generating RTLIL representation for module `\_90_lut'.
Generating RTLIL representation for module `\$connect'.
Generating RTLIL representation for module `\$input_port'.
Successfully finished Verilog frontend.

2.45.8.2. Continuing TECHMAP pass.
No more expansions possible.
<suppressed ~172 debug messages>

2.45.9. Executing OPT pass (performing simple optimizations).

2.45.9.1. Executing OPT_EXPR pass (perform const folding).
Optimizing module $paramod$b50ed6cf3f2b5c0e07657602cb4455d90f2562f9\TRELLIS_FF.
Optimizing module $paramod$37e41664cab9052a9b41c89036e0524f666a0fee\TRELLIS_FF.
Optimizing module $paramod$68581f66a8fa831820fa7633bd24ba569ae9d7e3\TRELLIS_FF.

2.45.9.2. Executing OPT_MERGE pass (detect identical cells).
Finding identical cells in module `$paramod$b50ed6cf3f2b5c0e07657602cb4455d90f2562f9\TRELLIS_FF'.
Finding identical cells in module `$paramod$37e41664cab9052a9b41c89036e0524f666a0fee\TRELLIS_FF'.
Finding identical cells in module `$paramod$68581f66a8fa831820fa7633bd24ba569ae9d7e3\TRELLIS_FF'.
Removed a total of 0 cells.

2.45.9.3. Executing OPT_MUXTREE pass (detect dead branches in mux trees).
Running muxtree optimizer on module $paramod$b50ed6cf3f2b5c0e07657602cb4455d90f2562f9\TRELLIS_FF..
  Creating internal representation of mux trees.
  No muxes found in this module.
Running muxtree optimizer on module $paramod$37e41664cab9052a9b41c89036e0524f666a0fee\TRELLIS_FF..
  Creating internal representation of mux trees.
  No muxes found in this module.
Running muxtree optimizer on module $paramod$68581f66a8fa831820fa7633bd24ba569ae9d7e3\TRELLIS_FF..
  Creating internal representation of mux trees.
  No muxes found in this module.
Removed 0 multiplexer ports.

2.45.9.4. Executing OPT_REDUCE pass (consolidate $*mux and $reduce_* inputs).
  Optimizing cells in module $paramod$b50ed6cf3f2b5c0e07657602cb4455d90f2562f9\TRELLIS_FF.
  Optimizing cells in module $paramod$37e41664cab9052a9b41c89036e0524f666a0fee\TRELLIS_FF.
  Optimizing cells in module $paramod$68581f66a8fa831820fa7633bd24ba569ae9d7e3\TRELLIS_FF.
Performed a total of 0 changes.

2.45.9.5. Executing OPT_MERGE pass (detect identical cells).
Finding identical cells in module `$paramod$b50ed6cf3f2b5c0e07657602cb4455d90f2562f9\TRELLIS_FF'.
Finding identical cells in module `$paramod$37e41664cab9052a9b41c89036e0524f666a0fee\TRELLIS_FF'.
Finding identical cells in module `$paramod$68581f66a8fa831820fa7633bd24ba569ae9d7e3\TRELLIS_FF'.
Removed a total of 0 cells.

2.45.9.6. Executing OPT_DFF pass (perform DFF optimizations).

2.45.9.7. Executing OPT_CLEAN pass (remove unused cells and wires).
Finding unused cells or wires in module $paramod$b50ed6cf3f2b5c0e07657602cb4455d90f2562f9\TRELLIS_FF..
Finding unused cells or wires in module $paramod$37e41664cab9052a9b41c89036e0524f666a0fee\TRELLIS_FF..
Finding unused cells or wires in module $paramod$68581f66a8fa831820fa7633bd24ba569ae9d7e3\TRELLIS_FF..

2.45.9.8. Executing OPT_EXPR pass (perform const folding).
Optimizing module $paramod$37e41664cab9052a9b41c89036e0524f666a0fee\TRELLIS_FF.
Optimizing module $paramod$68581f66a8fa831820fa7633bd24ba569ae9d7e3\TRELLIS_FF.
Optimizing module $paramod$b50ed6cf3f2b5c0e07657602cb4455d90f2562f9\TRELLIS_FF.

2.45.9.9. Finished fast OPT passes. (There is nothing left to do.)

2.45.10. Executing TECHMAP pass (map to technology primitives).

2.45.10.1. Executing Verilog-2005 frontend: /home/tcovert/FPGA_Projects/reverse_engineering/oss-cad-suite/lib/../share/yosys/abc9_map.v
Parsing Verilog input from `/home/tcovert/FPGA_Projects/reverse_engineering/oss-cad-suite/lib/../share/yosys/abc9_map.v' to AST representation.
verilog frontend filename /home/tcovert/FPGA_Projects/reverse_engineering/oss-cad-suite/lib/../share/yosys/abc9_map.v
Successfully finished Verilog frontend.

2.45.10.2. Continuing TECHMAP pass.
Using template $paramod$68581f66a8fa831820fa7633bd24ba569ae9d7e3\TRELLIS_FF for cells of type $paramod$68581f66a8fa831820fa7633bd24ba569ae9d7e3\TRELLIS_FF.
Using template $paramod$b50ed6cf3f2b5c0e07657602cb4455d90f2562f9\TRELLIS_FF for cells of type $paramod$b50ed6cf3f2b5c0e07657602cb4455d90f2562f9\TRELLIS_FF.
Using template $paramod$37e41664cab9052a9b41c89036e0524f666a0fee\TRELLIS_FF for cells of type $paramod$37e41664cab9052a9b41c89036e0524f666a0fee\TRELLIS_FF.
No more expansions possible.
<suppressed ~38 debug messages>

2.45.11. Executing Verilog-2005 frontend: /home/tcovert/FPGA_Projects/reverse_engineering/oss-cad-suite/lib/../share/yosys/abc9_model.v
Parsing Verilog input from `/home/tcovert/FPGA_Projects/reverse_engineering/oss-cad-suite/lib/../share/yosys/abc9_model.v' to AST representation.
verilog frontend filename /home/tcovert/FPGA_Projects/reverse_engineering/oss-cad-suite/lib/../share/yosys/abc9_model.v
Generating RTLIL representation for module `$__ABC9_DELAY'.
Generating RTLIL representation for module `$__ABC9_SCC_BREAKER'.
Generating RTLIL representation for module `$__DFF_N__$abc9_flop'.
Generating RTLIL representation for module `$__DFF_P__$abc9_flop'.
Successfully finished Verilog frontend.

2.45.12. Executing ABC9_OPS pass (helper functions for ABC9).
<suppressed ~2 debug messages>

2.45.13. Executing ABC9_OPS pass (helper functions for ABC9).

2.45.14. Executing ABC9_OPS pass (helper functions for ABC9).
<suppressed ~2 debug messages>

2.45.15. Executing TECHMAP pass (map to technology primitives).

2.45.15.1. Executing Verilog-2005 frontend: /home/tcovert/FPGA_Projects/reverse_engineering/oss-cad-suite/lib/../share/yosys/techmap.v
Parsing Verilog input from `/home/tcovert/FPGA_Projects/reverse_engineering/oss-cad-suite/lib/../share/yosys/techmap.v' to AST representation.
verilog frontend filename /home/tcovert/FPGA_Projects/reverse_engineering/oss-cad-suite/lib/../share/yosys/techmap.v
Generating RTLIL representation for module `\_90_simplemap_bool_ops'.
Generating RTLIL representation for module `\_90_simplemap_reduce_ops'.
Generating RTLIL representation for module `\_90_simplemap_logic_ops'.
Generating RTLIL representation for module `\_90_simplemap_compare_ops'.
Generating RTLIL representation for module `\_90_simplemap_various'.
Generating RTLIL representation for module `\_90_simplemap_registers'.
Generating RTLIL representation for module `\_90_shift_ops_shr_shl_sshl_sshr'.
Generating RTLIL representation for module `\_90_shift_shiftx'.
Generating RTLIL representation for module `\_90_fa'.
Generating RTLIL representation for module `\_90_lcu_brent_kung'.
Generating RTLIL representation for module `\_90_alu'.
Generating RTLIL representation for module `\_90_macc'.
Generating RTLIL representation for module `\_90_alumacc'.
Generating RTLIL representation for module `\$__div_mod_u'.
Generating RTLIL representation for module `\$__div_mod_trunc'.
Generating RTLIL representation for module `\_90_div'.
Generating RTLIL representation for module `\_90_mod'.
Generating RTLIL representation for module `\$__div_mod_floor'.
Generating RTLIL representation for module `\_90_divfloor'.
Generating RTLIL representation for module `\_90_modfloor'.
Generating RTLIL representation for module `\_90_pow'.
Generating RTLIL representation for module `\_90_pmux'.
Generating RTLIL representation for module `\_90_demux'.
Generating RTLIL representation for module `\_90_lut'.
Generating RTLIL representation for module `\$connect'.
Generating RTLIL representation for module `\$input_port'.
Successfully finished Verilog frontend.

2.45.15.2. Continuing TECHMAP pass.
Using template $paramod$838872d5a4bab89607f53482b205c0fd50d8b82e\CCU2C for cells of type $paramod$838872d5a4bab89607f53482b205c0fd50d8b82e\CCU2C.
Using extmapper simplemap for cells of type $or.
Using extmapper simplemap for cells of type $and.
Using extmapper simplemap for cells of type $not.
Using extmapper simplemap for cells of type $xor.
Using template $paramod\LUT2\INIT=4'1010 for cells of type LUT2.
Using template $paramod\LUT4\INIT=16'1001011010101010 for cells of type LUT4.
Using extmapper simplemap for cells of type $mux.
No more expansions possible.
<suppressed ~211 debug messages>

2.45.16. Executing OPT pass (performing simple optimizations).

2.45.16.1. Executing OPT_EXPR pass (perform const folding).
Optimizing module blinky.
<suppressed ~18 debug messages>

2.45.16.2. Executing OPT_MERGE pass (detect identical cells).
Finding identical cells in module `\blinky'.
<suppressed ~6 debug messages>
Removed a total of 2 cells.

2.45.16.3. Executing OPT_MUXTREE pass (detect dead branches in mux trees).
Running muxtree optimizer on module \blinky..
  Creating internal representation of mux trees.
  No muxes found in this module.
Removed 0 multiplexer ports.

2.45.16.4. Executing OPT_REDUCE pass (consolidate $*mux and $reduce_* inputs).
  Optimizing cells in module \blinky.
Performed a total of 0 changes.

2.45.16.5. Executing OPT_MERGE pass (detect identical cells).
Finding identical cells in module `\blinky'.
Removed a total of 0 cells.

2.45.16.6. Executing OPT_DFF pass (perform DFF optimizations).

2.45.16.7. Executing OPT_CLEAN pass (remove unused cells and wires).
Finding unused cells or wires in module \blinky..
Removed 0 unused cells and 55 unused wires.
<suppressed ~1 debug messages>

2.45.16.8. Executing OPT_EXPR pass (perform const folding).
Optimizing module blinky.

2.45.16.9. Rerunning OPT passes. (Maybe there is more to do..)

2.45.16.10. Executing OPT_MUXTREE pass (detect dead branches in mux trees).
Running muxtree optimizer on module \blinky..
  Creating internal representation of mux trees.
  No muxes found in this module.
Removed 0 multiplexer ports.

2.45.16.11. Executing OPT_REDUCE pass (consolidate $*mux and $reduce_* inputs).
  Optimizing cells in module \blinky.
Performed a total of 0 changes.

2.45.16.12. Executing OPT_MERGE pass (detect identical cells).
Finding identical cells in module `\blinky'.
Removed a total of 0 cells.

2.45.16.13. Executing OPT_DFF pass (perform DFF optimizations).

2.45.16.14. Executing OPT_CLEAN pass (remove unused cells and wires).
Finding unused cells or wires in module \blinky..

2.45.16.15. Executing OPT_EXPR pass (perform const folding).
Optimizing module blinky.

2.45.16.16. Finished fast OPT passes. (There is nothing left to do.)

2.45.17. Executing AIGMAP pass (map logic to AIG).
Module blinky: replaced 18 cells with 120 new cells, skipped 39 cells.
  replaced 3 cell types:
      14 $_MUX_
       2 $_OR_
       2 $_XOR_
  not replaced 3 cell types:
       4 $_AND_
       4 $_NOT_
      31 $specify2

2.45.18. Executing AIGMAP pass (map logic to AIG).
Module blinky: replaced 47 cells with 260 new cells, skipped 96 cells.
  replaced 2 cell types:
      24 $_MUX_
      23 $_OR_
  not replaced 8 cell types:
      18 $_NOT_
      12 $paramod$838872d5a4bab89607f53482b205c0fd50d8b82e\CCU2C
       1 $paramod$b50ed6cf3f2b5c0e07657602cb4455d90f2562f9\TRELLIS_FF
       7 $paramod$37e41664cab9052a9b41c89036e0524f666a0fee\TRELLIS_FF
      25 $paramod$68581f66a8fa831820fa7633bd24ba569ae9d7e3\TRELLIS_FF
       1 $paramod$b50ed6cf3f2b5c0e07657602cb4455d90f2562f9\TRELLIS_FF_$abc9_byp
       7 $paramod$37e41664cab9052a9b41c89036e0524f666a0fee\TRELLIS_FF_$abc9_byp
      25 $paramod$68581f66a8fa831820fa7633bd24ba569ae9d7e3\TRELLIS_FF_$abc9_byp

2.45.18.1. Executing ABC9_OPS pass (helper functions for ABC9).

2.45.18.2. Executing ABC9_OPS pass (helper functions for ABC9).

2.45.18.3. Executing XAIGER backend.
<suppressed ~11 debug messages>
Extracted 95 AND gates and 408 wires from module `blinky' to a netlist network with 35 inputs and 35 outputs.

2.45.18.4. Executing ABC9_EXE pass (technology mapping using ABC9).

2.45.18.5. Executing ABC9.
Running ABC command: "<yosys-exe-dir>/yosys-abc" -s -f <abc-temp-dir>/abc.script 2>&1
ABC: 
ABC: ======== ABC command line "source <abc-temp-dir>/abc.script"
ABC: + read_lut <abc-temp-dir>/input.lut 
ABC: + read_box <abc-temp-dir>/input.box 
ABC: + &read <abc-temp-dir>/input.xaig 
ABC: + &ps 
ABC: <abc-temp-dir>/input : i/o =     35/     35  and =      47  lev =    6 (0.71)  mem = 0.01 MB  box = 45  bb = 33
ABC: + &scorr 
ABC: Warning: The network is combinational.
ABC: + &sweep 
ABC: + &dc2 
ABC: + &dch -f -r 
ABC: + &ps 
ABC: <abc-temp-dir>/input : i/o =     35/     35  and =      70  lev =    6 (0.37)  mem = 0.01 MB  ch =   17  box = 45  bb = 33
ABC: cst =       0  cls =     17  lit =      17  unused =     140  proof =     0
ABC: + &if -W 300 -v 
ABC: K = 7. Memory (bytes): Truth =    0. Cut =   64. Obj =  148. Set =  672. CutMin = no
ABC: Node =      70.  Ch =    17.  Total mem =    0.06 MB. Peak cut mem =    0.01 MB.
ABC: P:  Del = 1732.00.  Ar =      82.0.  Edge =      119.  Cut =      566.  T =     0.00 sec
ABC: P:  Del = 1732.00.  Ar =      82.0.  Edge =      119.  Cut =      566.  T =     0.00 sec
ABC: P:  Del = 1732.00.  Ar =      76.0.  Edge =      120.  Cut =      727.  T =     0.00 sec
ABC: F:  Del = 1732.00.  Ar =      50.0.  Edge =      119.  Cut =      460.  T =     0.00 sec
ABC: A:  Del = 1732.00.  Ar =      49.0.  Edge =      113.  Cut =      425.  T =     0.00 sec
ABC: A:  Del = 1732.00.  Ar =      49.0.  Edge =      112.  Cut =      441.  T =     0.00 sec
ABC: Total time =     0.00 sec
ABC: + &write -n <abc-temp-dir>/output.aig 
ABC: + &mfs 
ABC: + &ps -l 
ABC: <abc-temp-dir>/input : i/o =     35/     35  and =      76  lev =    7 (0.43)  mem = 0.01 MB  box = 45  bb = 33
ABC: Mapping (K=7)  :  lut =     21  edge =      97  lev =    3 (0.19)  levB =   14  mem = 0.00 MB
ABC: LUT = 21 : 2=2 9.5 %  3=1 4.8 %  4=3 14.3 %  5=13 61.9 %  6=1 4.8 %  7=1 4.8 %  Ave = 4.62
ABC: + &write -n <abc-temp-dir>/output.aig 
ABC: + time 
ABC: elapse: 0.02 seconds, total: 0.02 seconds

2.45.18.6. Executing AIGER frontend.
<suppressed ~152 debug messages>
Removed 75 unused cells and 413 unused wires.

2.45.18.7. Executing ABC9_OPS pass (helper functions for ABC9).
ABC RESULTS:              $lut cells:       23
ABC RESULTS:   $paramod$838872d5a4bab89607f53482b205c0fd50d8b82e\CCU2C cells:       12
ABC RESULTS:   $paramod$b50ed6cf3f2b5c0e07657602cb4455d90f2562f9\TRELLIS_FF_$abc9_byp cells:        1
ABC RESULTS:   $paramod$37e41664cab9052a9b41c89036e0524f666a0fee\TRELLIS_FF_$abc9_byp cells:        7
ABC RESULTS:   $paramod$68581f66a8fa831820fa7633bd24ba569ae9d7e3\TRELLIS_FF_$abc9_byp cells:       25
ABC RESULTS:           input signals:       35
ABC RESULTS:          output signals:        5
Removing temp directory.

2.45.19. Executing TECHMAP pass (map to technology primitives).

2.45.19.1. Executing Verilog-2005 frontend: /home/tcovert/FPGA_Projects/reverse_engineering/oss-cad-suite/lib/../share/yosys/abc9_unmap.v
Parsing Verilog input from `/home/tcovert/FPGA_Projects/reverse_engineering/oss-cad-suite/lib/../share/yosys/abc9_unmap.v' to AST representation.
verilog frontend filename /home/tcovert/FPGA_Projects/reverse_engineering/oss-cad-suite/lib/../share/yosys/abc9_unmap.v
Generating RTLIL representation for module `\$__DFF_x__$abc9_flop'.
Generating RTLIL representation for module `\$__ABC9_SCC_BREAKER'.
Successfully finished Verilog frontend.

2.45.19.2. Continuing TECHMAP pass.
Using template $paramod$68581f66a8fa831820fa7633bd24ba569ae9d7e3\TRELLIS_FF for cells of type $paramod$68581f66a8fa831820fa7633bd24ba569ae9d7e3\TRELLIS_FF.
Using template $paramod$68581f66a8fa831820fa7633bd24ba569ae9d7e3\TRELLIS_FF_$abc9_byp for cells of type $paramod$68581f66a8fa831820fa7633bd24ba569ae9d7e3\TRELLIS_FF_$abc9_byp.
Using template $paramod$838872d5a4bab89607f53482b205c0fd50d8b82e\CCU2C for cells of type $paramod$838872d5a4bab89607f53482b205c0fd50d8b82e\CCU2C.
Using template $paramod$37e41664cab9052a9b41c89036e0524f666a0fee\TRELLIS_FF_$abc9_byp for cells of type $paramod$37e41664cab9052a9b41c89036e0524f666a0fee\TRELLIS_FF_$abc9_byp.
Using template $paramod$b50ed6cf3f2b5c0e07657602cb4455d90f2562f9\TRELLIS_FF for cells of type $paramod$b50ed6cf3f2b5c0e07657602cb4455d90f2562f9\TRELLIS_FF.
Using template $paramod$b50ed6cf3f2b5c0e07657602cb4455d90f2562f9\TRELLIS_FF_$abc9_byp for cells of type $paramod$b50ed6cf3f2b5c0e07657602cb4455d90f2562f9\TRELLIS_FF_$abc9_byp.
Using template $paramod$37e41664cab9052a9b41c89036e0524f666a0fee\TRELLIS_FF for cells of type $paramod$37e41664cab9052a9b41c89036e0524f666a0fee\TRELLIS_FF.
No more expansions possible.
<suppressed ~90 debug messages>
Removed 0 unused cells and 1139 unused wires.

2.46. Executing TECHMAP pass (map to technology primitives).

2.46.1. Executing Verilog-2005 frontend: /home/tcovert/FPGA_Projects/reverse_engineering/oss-cad-suite/lib/../share/yosys/lattice/cells_map_trellis.v
Parsing Verilog input from `/home/tcovert/FPGA_Projects/reverse_engineering/oss-cad-suite/lib/../share/yosys/lattice/cells_map_trellis.v' to AST representation.
verilog frontend filename /home/tcovert/FPGA_Projects/reverse_engineering/oss-cad-suite/lib/../share/yosys/lattice/cells_map_trellis.v
Generating RTLIL representation for module `\$_DFF_N_'.
Generating RTLIL representation for module `\$_DFF_P_'.
Generating RTLIL representation for module `\$_DFFE_NN_'.
Generating RTLIL representation for module `\$_DFFE_PN_'.
Generating RTLIL representation for module `\$_DFFE_NP_'.
Generating RTLIL representation for module `\$_DFFE_PP_'.
Generating RTLIL representation for module `\$_DFF_NP0_'.
Generating RTLIL representation for module `\$_DFF_NP1_'.
Generating RTLIL representation for module `\$_DFF_PP0_'.
Generating RTLIL representation for module `\$_DFF_PP1_'.
Generating RTLIL representation for module `\$_SDFF_NP0_'.
Generating RTLIL representation for module `\$_SDFF_NP1_'.
Generating RTLIL representation for module `\$_SDFF_PP0_'.
Generating RTLIL representation for module `\$_SDFF_PP1_'.
Generating RTLIL representation for module `\$_DFFE_NP0P_'.
Generating RTLIL representation for module `\$_DFFE_NP1P_'.
Generating RTLIL representation for module `\$_DFFE_PP0P_'.
Generating RTLIL representation for module `\$_DFFE_PP1P_'.
Generating RTLIL representation for module `\$_DFFE_NP0N_'.
Generating RTLIL representation for module `\$_DFFE_NP1N_'.
Generating RTLIL representation for module `\$_DFFE_PP0N_'.
Generating RTLIL representation for module `\$_DFFE_PP1N_'.
Generating RTLIL representation for module `\$_SDFFE_NP0P_'.
Generating RTLIL representation for module `\$_SDFFE_NP1P_'.
Generating RTLIL representation for module `\$_SDFFE_PP0P_'.
Generating RTLIL representation for module `\$_SDFFE_PP1P_'.
Generating RTLIL representation for module `\$_SDFFE_NP0N_'.
Generating RTLIL representation for module `\$_SDFFE_NP1N_'.
Generating RTLIL representation for module `\$_SDFFE_PP0N_'.
Generating RTLIL representation for module `\$_SDFFE_PP1N_'.
Generating RTLIL representation for module `\$_ALDFF_NP_'.
Generating RTLIL representation for module `\$_ALDFF_PP_'.
Generating RTLIL representation for module `\$_ALDFFE_NPN_'.
Generating RTLIL representation for module `\$_ALDFFE_NPP_'.
Generating RTLIL representation for module `\$_ALDFFE_PPN_'.
Generating RTLIL representation for module `\$_ALDFFE_PPP_'.
Generating RTLIL representation for module `\FD1P3AX'.
Generating RTLIL representation for module `\FD1P3AY'.
Generating RTLIL representation for module `\FD1P3BX'.
Generating RTLIL representation for module `\FD1P3DX'.
Generating RTLIL representation for module `\FD1P3IX'.
Generating RTLIL representation for module `\FD1P3JX'.
Generating RTLIL representation for module `\FD1S3AX'.
Generating RTLIL representation for module `\FD1S3AY'.
Generating RTLIL representation for module `\FD1S3BX'.
Generating RTLIL representation for module `\FD1S3DX'.
Generating RTLIL representation for module `\FD1S3IX'.
Generating RTLIL representation for module `\FD1S3JX'.
Generating RTLIL representation for module `\IFS1P3BX'.
Generating RTLIL representation for module `\IFS1P3DX'.
Generating RTLIL representation for module `\IFS1P3IX'.
Generating RTLIL representation for module `\IFS1P3JX'.
Generating RTLIL representation for module `\OFS1P3BX'.
Generating RTLIL representation for module `\OFS1P3DX'.
Generating RTLIL representation for module `\OFS1P3IX'.
Generating RTLIL representation for module `\OFS1P3JX'.
Generating RTLIL representation for module `\IB'.
Generating RTLIL representation for module `\IBPU'.
Generating RTLIL representation for module `\IBPD'.
Generating RTLIL representation for module `\OB'.
Generating RTLIL representation for module `\OBZ'.
Generating RTLIL representation for module `\OBZPU'.
Generating RTLIL representation for module `\OBZPD'.
Generating RTLIL representation for module `\OBCO'.
Generating RTLIL representation for module `\BB'.
Generating RTLIL representation for module `\BBPU'.
Generating RTLIL representation for module `\BBPD'.
Generating RTLIL representation for module `\ILVDS'.
Generating RTLIL representation for module `\OLVDS'.
Generating RTLIL representation for module `\$lut'.
Successfully finished Verilog frontend.

2.46.2. Continuing TECHMAP pass.
Using template $paramod$30305e55a780880b9c824fe3509a4d981acb0f2b\$lut for cells of type $lut.
Using template $paramod$8adf7fbd410d2cc654c288d5be5f7508ee8809b0\$lut for cells of type $lut.
Using template $paramod\$lut\WIDTH=32'00000000000000000000000000000010\LUT=4'0100 for cells of type $lut.
Using template $paramod$8a648c97c3e62465611b5be8c7105d15e3e9f587\$lut for cells of type $lut.
Using template $paramod$88a106be73851c7a5d1740739afdb4dbd65330dc\$lut for cells of type $lut.
Using template $paramod\$lut\WIDTH=32'00000000000000000000000000000010\LUT=4'1000 for cells of type $lut.
Using template $paramod$8e224a63a74b6daf8fc2e441cb0688a65e7a4073\$lut for cells of type $lut.
Using template $paramod$571404c0889eaf57f492cb5e37f8acb5df5852f9\$lut for cells of type $lut.
Using template $paramod$07b1b12ce0305f55108770e958fd02caedfebdf8\$lut for cells of type $lut.
Using template $paramod\$lut\WIDTH=32'00000000000000000000000000000011\LUT=8'10000000 for cells of type $lut.
Using template $paramod$66caeb00a39d236782a97659e3bd99621b74681b\$lut for cells of type $lut.
Using template $paramod$aada4a496a3d13867e5cfef1e2de1b5420571c8f\$lut for cells of type $lut.
Using template $paramod$7c7a71fa5837027b1cccb613fecd982e836a2a37\$lut for cells of type $lut.
Using template $paramod\$lut\WIDTH=32'00000000000000000000000000000001\LUT=2'01 for cells of type $lut.
No more expansions possible.
<suppressed ~277 debug messages>

2.47. Executing OPT_LUT_INS pass (discard unused LUT inputs).
Optimizing LUTs in blinky.
  Optimizing lut $abc$1961$lut$aiger1960$132.genblk1.genblk1.genblk1.genblk1.genblk1.genblk1.lut2 (4 -> 0)
  Optimizing lut $abc$1961$lut$aiger1960$125.genblk1.genblk1.genblk1.genblk1.genblk1.genblk1.genblk1.lut1 (4 -> 0)
  Optimizing lut $abc$1961$lut$aiger1960$125.genblk1.genblk1.genblk1.genblk1.genblk1.genblk1.genblk1.lut2 (4 -> 0)
  Optimizing lut $abc$1961$lut$aiger1960$125.genblk1.genblk1.genblk1.genblk1.genblk1.genblk1.genblk1.lut3 (4 -> 0)
  Optimizing lut $abc$1961$lut$aiger1960$125.genblk1.genblk1.genblk1.genblk1.genblk1.genblk1.genblk1.lut5 (4 -> 0)
  Optimizing lut $abc$1961$lut$aiger1960$125.genblk1.genblk1.genblk1.genblk1.genblk1.genblk1.genblk1.lut6 (4 -> 0)
  Optimizing lut $abc$1961$lut$aiger1960$125.genblk1.genblk1.genblk1.genblk1.genblk1.genblk1.genblk1.lut7 (4 -> 0)
  Optimizing lut $abc$1961$lut$0\prescaler[23:0][11].genblk1.genblk1.genblk1.genblk1.genblk1.lut0 (4 -> 1)
  Optimizing lut $abc$1961$lut$0\prescaler[23:0][12].genblk1.genblk1.genblk1.genblk1.genblk1.lut0 (4 -> 1)
  Optimizing lut $abc$1961$lut$0\prescaler[23:0][13].genblk1.genblk1.genblk1.genblk1.genblk1.lut0 (4 -> 1)
  Optimizing lut $abc$1961$lut$0\prescaler[23:0][15].genblk1.genblk1.genblk1.genblk1.genblk1.lut0 (4 -> 1)
  Optimizing lut $abc$1961$lut$0\prescaler[23:0][17].genblk1.genblk1.genblk1.genblk1.genblk1.lut0 (4 -> 1)
  Optimizing lut $abc$1961$lut$0\prescaler[23:0][18].genblk1.genblk1.genblk1.genblk1.genblk1.lut0 (4 -> 1)
  Optimizing lut $abc$1961$lut$0\prescaler[23:0][19].genblk1.genblk1.genblk1.genblk1.genblk1.lut0 (4 -> 0)
  Optimizing lut $abc$1961$lut$0\prescaler[23:0][20].genblk1.genblk1.genblk1.genblk1.genblk1.lut0 (4 -> 0)
  Optimizing lut $abc$1961$lut$0\prescaler[23:0][21].genblk1.genblk1.genblk1.genblk1.genblk1.lut0 (4 -> 0)
  Optimizing lut $abc$1961$lut$0\prescaler[23:0][23].genblk1.genblk1.genblk1.genblk1.genblk1.lut0 (4 -> 0)
  Optimizing lut $abc$1961$lut$aiger1960$111.genblk1.genblk1.genblk1.genblk1.genblk1.lut0 (4 -> 0)
  Optimizing lut $abc$1961$lut$0\prescaler[23:0][10].genblk1.genblk1.genblk1.genblk1.genblk1.lut0 (4 -> 1)
  Optimizing lut $abc$1961$lut$aiger1960$118.genblk1.genblk1.genblk1.genblk1.genblk1.lut0 (4 -> 0)
  Optimizing lut $abc$1961$lut$aiger1960$125.genblk1.genblk1.genblk1.genblk1.genblk1.genblk1.genblk1.lut0 (4 -> 0)
  Optimizing lut $abc$1961$lut$aiger1960$132.genblk1.genblk1.genblk1.genblk1.genblk1.genblk1.lut0 (4 -> 0)
  Optimizing lut $abc$1961$lut$aiger1960$132.genblk1.genblk1.genblk1.genblk1.genblk1.genblk1.lut1 (4 -> 0)
Removed 0 unused cells and 69 unused wires.

2.48. Executing AUTONAME pass.
Renamed 197 objects in module blinky (44 iterations).
<suppressed ~197 debug messages>

2.49. Executing HIERARCHY pass (managing design hierarchy).
Attribute `top' found on module `blinky'. Setting top module to blinky.

2.49.1. Analyzing design hierarchy..
Top module:  \blinky

2.49.2. Analyzing design hierarchy..
Top module:  \blinky
Removed 0 unused modules.

2.50. Printing statistics.

=== blinky ===

        +----------Local Count, excluding submodules.
        | 
       87 wires
      190 wire bits
       87 public wires
      190 public wire bits
        3 ports
       10 port bits
      114 submodules
       12   CCU2C
        4   L6MUX21
       46   LUT4
       19   PFUMX
       33   TRELLIS_FF

=== design hierarchy ===

        +----------Count including submodules.
        | 
        - blinky

        +----------Count including submodules.
        | 
       87 wires
      190 wire bits
       87 public wires
      190 public wire bits
        3 ports
       10 port bits
        - memories
        - memory bits
        - processes
        - cells
      114 submodules
       12   CCU2C
        4   L6MUX21
       46   LUT4
       19   PFUMX
       33   TRELLIS_FF

2.51. Executing CHECK pass (checking for obvious problems).
Checking module blinky...
Found and reported 0 problems.

2.52. Executing JSON backend.

End of script. Logfile hash: f34ad01110, CPU: user 0.67s system 0.03s, MEM: 29.50 MB peak
Yosys 0.60+64 (git sha1 17ca71e1a, clang++ 18.1.8 -fPIC -O3)
Time spent: 46% 21x read_verilog (0 sec), 9% 12x techmap (0 sec), ...
=== nextpnr Place & Route ===
Warning: Use of default value for --package is deprecated. Please add '--package CABGA381' to arguments.
Info: constraining clock net 'clk' to 25.00 MHz

Info: Logic utilisation before packing:
Info:     Total LUT4s:        70/83640     0%
Info:         logic LUTs:     46/83640     0%
Info:         carry LUTs:     24/83640     0%
Info:           RAM LUTs:      0/10455     0%
Info:          RAMW LUTs:      0/20910     0%

Info:      Total DFFs:        33/83640     0%

Info: Packing IOs..
Info: pin 'rst_n$tr_io' constrained to Bel 'X6/Y0/PIOB'.
Info: pin 'led[7]$tr_io' constrained to Bel 'X0/Y41/PIOD'.
Info: pin 'led[6]$tr_io' constrained to Bel 'X0/Y38/PIOD'.
Info: pin 'led[5]$tr_io' constrained to Bel 'X0/Y44/PIOD'.
Info: pin 'led[4]$tr_io' constrained to Bel 'X0/Y38/PIOB'.
Info: pin 'led[3]$tr_io' constrained to Bel 'X0/Y38/PIOC'.
Info: pin 'led[2]$tr_io' constrained to Bel 'X0/Y38/PIOA'.
Info: pin 'led[1]$tr_io' constrained to Bel 'X0/Y35/PIOD'.
Info: pin 'led[0]$tr_io' constrained to Bel 'X0/Y35/PIOC'.
Info: pin 'clk$tr_io' constrained to Bel 'X0/Y47/PIOA'.
Info: Packing constants..
Info: Packing carries...
Info: Packing LUTs...
Info: Packing LUT5-7s...
Info: Packing FFs...
Info:     14 FFs paired with LUTs.
Info: Generating derived timing constraints...
Info: Promoting globals...
Info:     promoting clock net clk$TRELLIS_IO_IN to global network
Info: Checksum: 0x5b2b231c

Info: Device utilisation:
Info: 	          TRELLIS_IO:      10/    365     2%
Info: 	                DCCA:       1/     56     1%
Info: 	              DP16KD:       0/    208     0%
Info: 	          MULT18X18D:       0/    156     0%
Info: 	              ALU54B:       0/     78     0%
Info: 	             EHXPLLL:       0/      4     0%
Info: 	             EXTREFB:       0/      2     0%
Info: 	                DCUA:       0/      2     0%
Info: 	           PCSCLKDIV:       0/      2     0%
Info: 	             IOLOGIC:       0/    224     0%
Info: 	            SIOLOGIC:       0/    141     0%
Info: 	                 GSR:       0/      1     0%
Info: 	               JTAGG:       0/      1     0%
Info: 	                OSCG:       0/      1     0%
Info: 	               SEDGA:       0/      1     0%
Info: 	                 DTR:       0/      1     0%
Info: 	             USRMCLK:       0/      1     0%
Info: 	             CLKDIVF:       0/      4     0%
Info: 	           ECLKSYNCB:       0/     10     0%
Info: 	             DLLDELD:       0/      8     0%
Info: 	              DDRDLL:       0/      4     0%
Info: 	             DQSBUFM:       0/     14     0%
Info: 	     TRELLIS_ECLKBUF:       0/      8     0%
Info: 	        ECLKBRIDGECS:       0/      2     0%
Info: 	                DCSC:       0/      2     0%
Info: 	          TRELLIS_FF:      33/  83640     0%
Info: 	        TRELLIS_COMB:      76/  83640     0%
Info: 	        TRELLIS_RAMW:       0/  10455     0%

Info: Placed 10 cells based on constraints.
Info: Creating initial analytic placement for 44 cells, random placement wirelen = 6862.
Info:     at initial placer iter 0, wirelen = 136
Info:     at initial placer iter 1, wirelen = 101
Info:     at initial placer iter 2, wirelen = 96
Info:     at initial placer iter 3, wirelen = 90
Info: Running main analytical placer, max placement attempts per cell = 10000.
Info:     at iteration #1, type ALL: wirelen solved = 95, spread = 267, legal = 245; time = 0.02s
Info:     at iteration #2, type ALL: wirelen solved = 101, spread = 201, legal = 247; time = 0.01s
Info:     at iteration #3, type ALL: wirelen solved = 95, spread = 200, legal = 248; time = 0.01s
Info:     at iteration #4, type ALL: wirelen solved = 93, spread = 199, legal = 231; time = 0.01s
Info:     at iteration #5, type ALL: wirelen solved = 104, spread = 196, legal = 225; time = 0.01s
Info:     at iteration #6, type ALL: wirelen solved = 114, spread = 198, legal = 231; time = 0.01s
Info:     at iteration #7, type ALL: wirelen solved = 110, spread = 193, legal = 212; time = 0.01s
Info:     at iteration #8, type ALL: wirelen solved = 93, spread = 201, legal = 248; time = 0.01s
Info:     at iteration #9, type ALL: wirelen solved = 97, spread = 201, legal = 221; time = 0.01s
Info:     at iteration #10, type ALL: wirelen solved = 107, spread = 195, legal = 223; time = 0.01s
Info:     at iteration #11, type ALL: wirelen solved = 98, spread = 212, legal = 241; time = 0.01s
Info:     at iteration #12, type ALL: wirelen solved = 102, spread = 219, legal = 228; time = 0.00s
Info: HeAP Placer Time: 0.15s
Info:   of which solving equations: 0.03s
Info:   of which spreading cells: 0.03s
Info:   of which strict legalisation: 0.00s

Info: Running simulated annealing placer for refinement.
Info:   at iteration #1: temp = 0.000000, timing cost = 53, wirelen = 212
Info:   at iteration #5: temp = 0.000000, timing cost = 37, wirelen = 183
Info:   at iteration #9: temp = 0.000000, timing cost = 41, wirelen = 180 
Info: SA placement time 0.05s

Info: Max frequency for clock '$glbnet$clk$TRELLIS_IO_IN': 190.51 MHz (PASS at 25.00 MHz)

Info: Max delay <async>                           -> posedge $glbnet$clk$TRELLIS_IO_IN: 5.94 ns
Info: Max delay posedge $glbnet$clk$TRELLIS_IO_IN -> <async>                          : 2.20 ns

Info: Slack histogram:
Info:  legend: * represents 1 endpoint(s)
Info:          + represents [1,1) endpoint(s)
Info: [ 34751,  34976) |***** 
Info: [ 34976,  35201) | 
Info: [ 35201,  35426) |****** 
Info: [ 35426,  35651) | 
Info: [ 35651,  35876) | 
Info: [ 35876,  36101) | 
Info: [ 36101,  36326) |* 
Info: [ 36326,  36551) |* 
Info: [ 36551,  36776) | 
Info: [ 36776,  37001) | 
Info: [ 37001,  37226) | 
Info: [ 37226,  37451) |** 
Info: [ 37451,  37676) |* 
Info: [ 37676,  37901) |***** 
Info: [ 37901,  38126) |*** 
Info: [ 38126,  38351) | 
Info: [ 38351,  38576) | 
Info: [ 38576,  38801) | 
Info: [ 38801,  39026) |**************** 
Info: [ 39026,  39251) |* 
Info: Checksum: 0x739d062f
Info: Routing globals...
Info:     routing clock net $glbnet$clk$TRELLIS_IO_IN using global 0

Info: Routing..
Info: Setting up routing queue.
Info: Routing 260 arcs.
Info:            |   (re-)routed arcs  |   delta    | remaining|       time spent     |
Info:    IterCnt |  w/ripup   wo/ripup |  w/r  wo/r |      arcs| batch(sec) total(sec)|
Info:        403 |      136        234 |  136   234 |         0|       0.13       0.13|
Info: Routing complete.
Info: Router1 time 0.13s
Info: Checksum: 0xd27baf16

Info: Critical path report for clock '$glbnet$clk$TRELLIS_IO_IN' (posedge -> posedge):
Info:       type curr  total name
Info:   clk-to-q  0.52  0.52 Source clk_TRELLIS_FF_CLK_23.Q
Info:    routing  0.92  1.44 Net clk_TRELLIS_FF_CLK_20_Q[1] (2,36) -> (2,37)
Info:                          Sink clk_TRELLIS_FF_CLK_23_Q_CCU2C_B0$CCU2_COMB0.B
Info:                          Defined in:
Info:                               /home/tcovert/FPGA_Projects/reverse_engineering/oss-cad-suite/lib/../share/yosys/lattice/cells_map_trellis.v:108.23-108.24
Info:      logic  0.45  1.89 Source clk_TRELLIS_FF_CLK_23_Q_CCU2C_B0$CCU2_COMB0.FCO
Info:    routing  0.00  1.89 Net clk_TRELLIS_FF_CLK_23_Q_CCU2C_B0$CCU2_FCI_INT (2,37) -> (2,37)
Info:                          Sink clk_TRELLIS_FF_CLK_23_Q_CCU2C_B0$CCU2_COMB1.FCI
Info:      logic  0.00  1.89 Source clk_TRELLIS_FF_CLK_23_Q_CCU2C_B0$CCU2_COMB1.FCO
Info:    routing  0.00  1.89 Net clk_TRELLIS_FF_CLK_23_Q_CCU2C_B0_COUT (2,37) -> (2,37)
Info:                          Sink clk_TRELLIS_FF_CLK_20_Q_CCU2C_B1$CCU2_COMB0.FCI
Info:                          Defined in:
Info:                               src/blinky.v:28.26-28.42
Info:                               /home/tcovert/FPGA_Projects/reverse_engineering/oss-cad-suite/lib/../share/yosys/lattice/arith_map_ccu2c.v:74.7-80.4
Info:                               /home/tcovert/FPGA_Projects/reverse_engineering/oss-cad-suite/lib/../share/yosys/lattice/ccu2c_sim.vh:9.9-9.13
Info:      logic  0.07  1.96 Source clk_TRELLIS_FF_CLK_20_Q_CCU2C_B1$CCU2_COMB0.FCO
Info:    routing  0.00  1.96 Net clk_TRELLIS_FF_CLK_20_Q_CCU2C_B1$CCU2_FCI_INT (2,37) -> (2,37)
Info:                          Sink clk_TRELLIS_FF_CLK_20_Q_CCU2C_B1$CCU2_COMB1.FCI
Info:      logic  0.00  1.96 Source clk_TRELLIS_FF_CLK_20_Q_CCU2C_B1$CCU2_COMB1.FCO
Info:    routing  0.00  1.96 Net clk_TRELLIS_FF_CLK_20_Q_CCU2C_B1_COUT (2,37) -> (2,37)
Info:                          Sink clk_TRELLIS_FF_CLK_23_Q_LUT4_D_Z_CCU2C_S0_2$CCU2_COMB0.FCI
Info:                          Defined in:
Info:                               src/blinky.v:28.26-28.42
Info:                               /home/tcovert/FPGA_Projects/reverse_engineering/oss-cad-suite/lib/../share/yosys/lattice/arith_map_ccu2c.v:74.7-80.4
Info:                               /home/tcovert/FPGA_Projects/reverse_engineering/oss-cad-suite/lib/../share/yosys/lattice/ccu2c_sim.vh:9.9-9.13
Info:      logic  0.07  2.03 Source clk_TRELLIS_FF_CLK_23_Q_LUT4_D_Z_CCU2C_S0_2$CCU2_COMB0.FCO
Info:    routing  0.00  2.03 Net clk_TRELLIS_FF_CLK_23_Q_LUT4_D_Z_CCU2C_S0_2$CCU2_FCI_INT (2,37) -> (2,37)
Info:                          Sink clk_TRELLIS_FF_CLK_23_Q_LUT4_D_Z_CCU2C_S0_2$CCU2_COMB1.FCI
Info:      logic  0.00  2.03 Source clk_TRELLIS_FF_CLK_23_Q_LUT4_D_Z_CCU2C_S0_2$CCU2_COMB1.FCO
Info:    routing  0.00  2.03 Net clk_TRELLIS_FF_CLK_23_Q_LUT4_D_Z_CCU2C_S0_2_COUT (2,37) -> (3,37)
Info:                          Sink clk_TRELLIS_FF_CLK_23_Q_LUT4_D_Z_CCU2C_S0_1$CCU2_COMB0.FCI
Info:                          Defined in:
Info:                               src/blinky.v:28.26-28.42
Info:                               /home/tcovert/FPGA_Projects/reverse_engineering/oss-cad-suite/lib/../share/yosys/lattice/arith_map_ccu2c.v:74.7-80.4
Info:                               /home/tcovert/FPGA_Projects/reverse_engineering/oss-cad-suite/lib/../share/yosys/lattice/ccu2c_sim.vh:9.9-9.13
Info:      logic  0.07  2.10 Source clk_TRELLIS_FF_CLK_23_Q_LUT4_D_Z_CCU2C_S0_1$CCU2_COMB0.FCO
Info:    routing  0.00  2.10 Net clk_TRELLIS_FF_CLK_23_Q_LUT4_D_Z_CCU2C_S0_1$CCU2_FCI_INT (3,37) -> (3,37)
Info:                          Sink clk_TRELLIS_FF_CLK_23_Q_LUT4_D_Z_CCU2C_S0_1$CCU2_COMB1.FCI
Info:      logic  0.00  2.10 Source clk_TRELLIS_FF_CLK_23_Q_LUT4_D_Z_CCU2C_S0_1$CCU2_COMB1.FCO
Info:    routing  0.00  2.10 Net clk_TRELLIS_FF_CLK_23_Q_LUT4_D_Z_CCU2C_S0_1_COUT (3,37) -> (3,37)
Info:                          Sink clk_TRELLIS_FF_CLK_23_Q_LUT4_D_Z_CCU2C_S0$CCU2_COMB0.FCI
Info:                          Defined in:
Info:                               src/blinky.v:28.26-28.42
Info:                               /home/tcovert/FPGA_Projects/reverse_engineering/oss-cad-suite/lib/../share/yosys/lattice/arith_map_ccu2c.v:74.7-80.4
Info:                               /home/tcovert/FPGA_Projects/reverse_engineering/oss-cad-suite/lib/../share/yosys/lattice/ccu2c_sim.vh:9.9-9.13
Info:      logic  0.07  2.17 Source clk_TRELLIS_FF_CLK_23_Q_LUT4_D_Z_CCU2C_S0$CCU2_COMB0.FCO
Info:    routing  0.00  2.17 Net clk_TRELLIS_FF_CLK_23_Q_LUT4_D_Z_CCU2C_S0$CCU2_FCI_INT (3,37) -> (3,37)
Info:                          Sink clk_TRELLIS_FF_CLK_23_Q_LUT4_D_Z_CCU2C_S0$CCU2_COMB1.FCI
Info:      logic  0.00  2.17 Source clk_TRELLIS_FF_CLK_23_Q_LUT4_D_Z_CCU2C_S0$CCU2_COMB1.FCO
Info:    routing  0.00  2.17 Net clk_TRELLIS_FF_CLK_23_Q_LUT4_D_Z_CCU2C_S0_COUT (3,37) -> (3,37)
Info:                          Sink clk_TRELLIS_FF_CLK_20_Q_LUT4_C_Z_CCU2C_S0$CCU2_COMB0.FCI
Info:                          Defined in:
Info:                               src/blinky.v:28.26-28.42
Info:                               /home/tcovert/FPGA_Projects/reverse_engineering/oss-cad-suite/lib/../share/yosys/lattice/arith_map_ccu2c.v:74.7-80.4
Info:                               /home/tcovert/FPGA_Projects/reverse_engineering/oss-cad-suite/lib/../share/yosys/lattice/ccu2c_sim.vh:9.9-9.13
Info:      logic  0.07  2.24 Source clk_TRELLIS_FF_CLK_20_Q_LUT4_C_Z_CCU2C_S0$CCU2_COMB0.FCO
Info:    routing  0.00  2.24 Net clk_TRELLIS_FF_CLK_20_Q_LUT4_C_Z_CCU2C_S0$CCU2_FCI_INT (3,37) -> (3,37)
Info:                          Sink clk_TRELLIS_FF_CLK_20_Q_LUT4_C_Z_CCU2C_S0$CCU2_COMB1.FCI
Info:      logic  0.00  2.24 Source clk_TRELLIS_FF_CLK_20_Q_LUT4_C_Z_CCU2C_S0$CCU2_COMB1.FCO
Info:    routing  0.00  2.24 Net clk_TRELLIS_FF_CLK_20_Q_LUT4_C_Z_CCU2C_S0_COUT (3,37) -> (3,37)
Info:                          Sink clk_TRELLIS_FF_CLK_20_Q_LUT4_C_Z_CCU2C_S0_COUT_CCU2C_CIN$CCU2_COMB0.FCI
Info:                          Defined in:
Info:                               src/blinky.v:28.26-28.42
Info:                               /home/tcovert/FPGA_Projects/reverse_engineering/oss-cad-suite/lib/../share/yosys/lattice/arith_map_ccu2c.v:74.7-80.4
Info:                               /home/tcovert/FPGA_Projects/reverse_engineering/oss-cad-suite/lib/../share/yosys/lattice/ccu2c_sim.vh:9.9-9.13
Info:      logic  0.07  2.31 Source clk_TRELLIS_FF_CLK_20_Q_LUT4_C_Z_CCU2C_S0_COUT_CCU2C_CIN$CCU2_COMB0.FCO
Info:    routing  0.00  2.31 Net clk_TRELLIS_FF_CLK_20_Q_LUT4_C_Z_CCU2C_S0_COUT_CCU2C_CIN$CCU2_FCI_INT (3,37) -> (3,37)
Info:                          Sink clk_TRELLIS_FF_CLK_20_Q_LUT4_C_Z_CCU2C_S0_COUT_CCU2C_CIN$CCU2_COMB1.FCI
Info:      logic  0.00  2.31 Source clk_TRELLIS_FF_CLK_20_Q_LUT4_C_Z_CCU2C_S0_COUT_CCU2C_CIN$CCU2_COMB1.FCO
Info:    routing  0.00  2.31 Net clk_TRELLIS_FF_CLK_23_Q_LUT4_D_Z_CCU2C_S0_4_CIN (3,37) -> (4,37)
Info:                          Sink clk_TRELLIS_FF_CLK_23_Q_LUT4_D_Z_CCU2C_S0_4$CCU2_COMB0.FCI
Info:                          Defined in:
Info:                               src/blinky.v:28.26-28.42
Info:                               /home/tcovert/FPGA_Projects/reverse_engineering/oss-cad-suite/lib/../share/yosys/lattice/arith_map_ccu2c.v:74.7-80.4
Info:                               /home/tcovert/FPGA_Projects/reverse_engineering/oss-cad-suite/lib/../share/yosys/lattice/ccu2c_sim.vh:9.9-9.13
Info:      logic  0.07  2.38 Source clk_TRELLIS_FF_CLK_23_Q_LUT4_D_Z_CCU2C_S0_4$CCU2_COMB0.FCO
Info:    routing  0.00  2.38 Net clk_TRELLIS_FF_CLK_23_Q_LUT4_D_Z_CCU2C_S0_4$CCU2_FCI_INT (4,37) -> (4,37)
Info:                          Sink clk_TRELLIS_FF_CLK_23_Q_LUT4_D_Z_CCU2C_S0_4$CCU2_COMB1.FCI
Info:      logic  0.40  2.79 Source clk_TRELLIS_FF_CLK_23_Q_LUT4_D_Z_CCU2C_S0_4$CCU2_COMB1.F
Info:    routing  0.97  3.76 Net clk_TRELLIS_FF_CLK_23_Q_LUT4_D_Z_CCU2C_S0_4_S1[2] (4,37) -> (3,36)
Info:                          Sink clk_TRELLIS_FF_CLK_23_Q_LUT4_D_Z_CCU2C_S0_4_S1_LUT4_C.C
Info:                          Defined in:
Info:                               /home/tcovert/FPGA_Projects/reverse_engineering/oss-cad-suite/lib/../share/yosys/lattice/cells_map_trellis.v:108.23-108.24
Info:      logic  0.24  3.99 Source clk_TRELLIS_FF_CLK_23_Q_LUT4_D_Z_CCU2C_S0_4_S1_LUT4_C.F
Info:    routing  0.00  3.99 Net clk_TRELLIS_FF_CLK_23_Q_LUT4_D_Z_PFUMX_Z_6_ALUT (3,36) -> (3,36)
Info:                          Sink clk_TRELLIS_FF_CLK_23_Q_LUT4_D_Z_CCU2C_S0_4_S1_LUT4_D.F1
Info:                          Defined in:
Info:                               /home/tcovert/FPGA_Projects/reverse_engineering/oss-cad-suite/lib/../share/yosys/lattice/cells_map_trellis.v:133.22-133.24
Info:      logic  0.17  4.16 Source clk_TRELLIS_FF_CLK_23_Q_LUT4_D_Z_CCU2C_S0_4_S1_LUT4_D.OFX
Info:    routing  0.69  4.84 Net clk_TRELLIS_FF_CLK_23_Q_LUT4_D_Z[15] (3,36) -> (3,36)
Info:                          Sink clk_TRELLIS_FF_CLK_8.M
Info:                          Defined in:
Info:                               src/blinky.v:20.5-31.8
Info:      setup  0.00  4.84 Source clk_TRELLIS_FF_CLK_8.M
Info: 2.27 ns logic, 2.57 ns routing

Info: Critical path report for cross-domain path '<async>' -> 'posedge $glbnet$clk$TRELLIS_IO_IN':
Info:       type curr  total name
Info:     source  0.00  0.00 Source rst_n$tr_io.O
Info:    routing  3.01  3.01 Net rst_n$TRELLIS_IO_IN (6,0) -> (5,35)
Info:                          Sink rst_n_LUT4_D.D
Info:                          Defined in:
Info:                               src/blinky.v:9.17-9.22
Info:      logic  0.24  3.24 Source rst_n_LUT4_D.F
Info:    routing  1.17  4.41 Net rst_n_LUT4_D_Z (5,35) -> (3,37)
Info:                          Sink clk_TRELLIS_FF_CLK_17.LSR
Info:      setup  0.42  4.84 Source clk_TRELLIS_FF_CLK_17.LSR
Info: 0.66 ns logic, 4.18 ns routing

Info: Critical path report for cross-domain path 'posedge $glbnet$clk$TRELLIS_IO_IN' -> '<async>':
Info:       type curr  total name
Info:   clk-to-q  0.52  0.52 Source led_TRELLIS_FF_Q_2.Q
Info:    routing  1.56  2.09 Net led[5]$TRELLIS_IO_OUT (2,38) -> (0,44)
Info:                          Sink led[5]$tr_io.I
Info:                          Defined in:
Info:                               src/blinky.v:10.23-10.26
Info: 0.52 ns logic, 1.56 ns routing

Info: Max frequency for clock '$glbnet$clk$TRELLIS_IO_IN': 206.40 MHz (PASS at 25.00 MHz)

Info: Max delay <async>                           -> posedge $glbnet$clk$TRELLIS_IO_IN: 4.84 ns
Info: Max delay posedge $glbnet$clk$TRELLIS_IO_IN -> <async>                          : 2.09 ns

Info: Slack histogram:
Info:  legend: * represents 1 endpoint(s)
Info:          + represents [1,1) endpoint(s)
Info: [ 35155,  35351) |*** 
Info: [ 35351,  35547) |** 
Info: [ 35547,  35743) |**** 
Info: [ 35743,  35939) |** 
Info: [ 35939,  36135) | 
Info: [ 36135,  36331) |** 
Info: [ 36331,  36527) | 
Info: [ 36527,  36723) | 
Info: [ 36723,  36919) |* 
Info: [ 36919,  37115) |** 
Info: [ 37115,  37311) |* 
Info: [ 37311,  37507) |**** 
Info: [ 37507,  37703) |*** 
Info: [ 37703,  37899) | 
Info: [ 37899,  38095) | 
Info: [ 38095,  38291) | 
Info: [ 38291,  38487) | 
Info: [ 38487,  38683) | 
Info: [ 38683,  38879) |********** 
Info: [ 38879,  39075) |******* 
1 warning, 0 errors

Info: Program finished normally.
=== ecppack Bitstream ===
=== Done ===
═══ BUILD COMPLETE ═══  0m 2s
