Warning: Use of default value for --package is deprecated. Please add '--package CABGA381' to arguments.
Info: constraining clock net 'clk' to 25.00 MHz

Info: Logic utilisation before packing:
Info:     Total LUT4s:        70/83640     0%
Info:         logic LUTs:     46/83640     0%
Info:         carry LUTs:     24/83640     0%
Info:           RAM LUTs:      0/10455     0%
Info:          RAMW LUTs:      0/20910     0%

Info:      Total DFFs:        33/83640     0%

Info: Packing IOs..
Info: pin 'rst_n$tr_io' constrained to Bel 'X6/Y0/PIOB'.
Info: pin 'led[7]$tr_io' constrained to Bel 'X0/Y41/PIOD'.
Info: pin 'led[6]$tr_io' constrained to Bel 'X0/Y38/PIOD'.
Info: pin 'led[5]$tr_io' constrained to Bel 'X0/Y44/PIOD'.
Info: pin 'led[4]$tr_io' constrained to Bel 'X0/Y38/PIOB'.
Info: pin 'led[3]$tr_io' constrained to Bel 'X0/Y38/PIOC'.
Info: pin 'led[2]$tr_io' constrained to Bel 'X0/Y38/PIOA'.
Info: pin 'led[1]$tr_io' constrained to Bel 'X0/Y35/PIOD'.
Info: pin 'led[0]$tr_io' constrained to Bel 'X0/Y35/PIOC'.
Info: pin 'clk$tr_io' constrained to Bel 'X0/Y47/PIOA'.
Info: Packing constants..
Info: Packing carries...
Info: Packing LUTs...
Info: Packing LUT5-7s...
Info: Packing FFs...
Info:     14 FFs paired with LUTs.
Info: Generating derived timing constraints...
Info: Promoting globals...
Info:     promoting clock net clk$TRELLIS_IO_IN to global network
Info: Checksum: 0x5b2b231c

Info: Device utilisation:
Info: 	          TRELLIS_IO:      10/    365     2%
Info: 	                DCCA:       1/     56     1%
Info: 	              DP16KD:       0/    208     0%
Info: 	          MULT18X18D:       0/    156     0%
Info: 	              ALU54B:       0/     78     0%
Info: 	             EHXPLLL:       0/      4     0%
Info: 	             EXTREFB:       0/      2     0%
Info: 	                DCUA:       0/      2     0%
Info: 	           PCSCLKDIV:       0/      2     0%
Info: 	             IOLOGIC:       0/    224     0%
Info: 	            SIOLOGIC:       0/    141     0%
Info: 	                 GSR:       0/      1     0%
Info: 	               JTAGG:       0/      1     0%
Info: 	                OSCG:       0/      1     0%
Info: 	               SEDGA:       0/      1     0%
Info: 	                 DTR:       0/      1     0%
Info: 	             USRMCLK:       0/      1     0%
Info: 	             CLKDIVF:       0/      4     0%
Info: 	           ECLKSYNCB:       0/     10     0%
Info: 	             DLLDELD:       0/      8     0%
Info: 	              DDRDLL:       0/      4     0%
Info: 	             DQSBUFM:       0/     14     0%
Info: 	     TRELLIS_ECLKBUF:       0/      8     0%
Info: 	        ECLKBRIDGECS:       0/      2     0%
Info: 	                DCSC:       0/      2     0%
Info: 	          TRELLIS_FF:      33/  83640     0%
Info: 	        TRELLIS_COMB:      76/  83640     0%
Info: 	        TRELLIS_RAMW:       0/  10455     0%

Info: Placed 10 cells based on constraints.
Info: Creating initial analytic placement for 44 cells, random placement wirelen = 6862.
Info:     at initial placer iter 0, wirelen = 136
Info:     at initial placer iter 1, wirelen = 101
Info:     at initial placer iter 2, wirelen = 96
Info:     at initial placer iter 3, wirelen = 90
Info: Running main analytical placer, max placement attempts per cell = 10000.
Info:     at iteration #1, type ALL: wirelen solved = 95, spread = 267, legal = 245; time = 0.02s
Info:     at iteration #2, type ALL: wirelen solved = 101, spread = 201, legal = 247; time = 0.01s
Info:     at iteration #3, type ALL: wirelen solved = 95, spread = 200, legal = 248; time = 0.01s
Info:     at iteration #4, type ALL: wirelen solved = 93, spread = 199, legal = 231; time = 0.01s
Info:     at iteration #5, type ALL: wirelen solved = 104, spread = 196, legal = 225; time = 0.01s
Info:     at iteration #6, type ALL: wirelen solved = 114, spread = 198, legal = 231; time = 0.01s
Info:     at iteration #7, type ALL: wirelen solved = 110, spread = 193, legal = 212; time = 0.01s
Info:     at iteration #8, type ALL: wirelen solved = 93, spread = 201, legal = 248; time = 0.01s
Info:     at iteration #9, type ALL: wirelen solved = 97, spread = 201, legal = 221; time = 0.01s
Info:     at iteration #10, type ALL: wirelen solved = 107, spread = 195, legal = 223; time = 0.01s
Info:     at iteration #11, type ALL: wirelen solved = 98, spread = 212, legal = 241; time = 0.01s
Info:     at iteration #12, type ALL: wirelen solved = 102, spread = 219, legal = 228; time = 0.00s
Info: HeAP Placer Time: 0.15s
Info:   of which solving equations: 0.03s
Info:   of which spreading cells: 0.03s
Info:   of which strict legalisation: 0.00s

Info: Running simulated annealing placer for refinement.
Info:   at iteration #1: temp = 0.000000, timing cost = 53, wirelen = 212
Info:   at iteration #5: temp = 0.000000, timing cost = 37, wirelen = 183
Info:   at iteration #9: temp = 0.000000, timing cost = 41, wirelen = 180 
Info: SA placement time 0.05s

Info: Max frequency for clock '$glbnet$clk$TRELLIS_IO_IN': 190.51 MHz (PASS at 25.00 MHz)

Info: Max delay <async>                           -> posedge $glbnet$clk$TRELLIS_IO_IN: 5.94 ns
Info: Max delay posedge $glbnet$clk$TRELLIS_IO_IN -> <async>                          : 2.20 ns

Info: Slack histogram:
Info:  legend: * represents 1 endpoint(s)
Info:          + represents [1,1) endpoint(s)
Info: [ 34751,  34976) |***** 
Info: [ 34976,  35201) | 
Info: [ 35201,  35426) |****** 
Info: [ 35426,  35651) | 
Info: [ 35651,  35876) | 
Info: [ 35876,  36101) | 
Info: [ 36101,  36326) |* 
Info: [ 36326,  36551) |* 
Info: [ 36551,  36776) | 
Info: [ 36776,  37001) | 
Info: [ 37001,  37226) | 
Info: [ 37226,  37451) |** 
Info: [ 37451,  37676) |* 
Info: [ 37676,  37901) |***** 
Info: [ 37901,  38126) |*** 
Info: [ 38126,  38351) | 
Info: [ 38351,  38576) | 
Info: [ 38576,  38801) | 
Info: [ 38801,  39026) |**************** 
Info: [ 39026,  39251) |* 
Info: Checksum: 0x739d062f
Info: Routing globals...
Info:     routing clock net $glbnet$clk$TRELLIS_IO_IN using global 0

Info: Routing..
Info: Setting up routing queue.
Info: Routing 260 arcs.
Info:            |   (re-)routed arcs  |   delta    | remaining|       time spent     |
Info:    IterCnt |  w/ripup   wo/ripup |  w/r  wo/r |      arcs| batch(sec) total(sec)|
Info:        403 |      136        234 |  136   234 |         0|       0.13       0.13|
Info: Routing complete.
Info: Router1 time 0.13s
Info: Checksum: 0xd27baf16

Info: Critical path report for clock '$glbnet$clk$TRELLIS_IO_IN' (posedge -> posedge):
Info:       type curr  total name
Info:   clk-to-q  0.52  0.52 Source clk_TRELLIS_FF_CLK_23.Q
Info:    routing  0.92  1.44 Net clk_TRELLIS_FF_CLK_20_Q[1] (2,36) -> (2,37)
Info:                          Sink clk_TRELLIS_FF_CLK_23_Q_CCU2C_B0$CCU2_COMB0.B
Info:                          Defined in:
Info:                               /home/tcovert/FPGA_Projects/reverse_engineering/oss-cad-suite/lib/../share/yosys/lattice/cells_map_trellis.v:108.23-108.24
Info:      logic  0.45  1.89 Source clk_TRELLIS_FF_CLK_23_Q_CCU2C_B0$CCU2_COMB0.FCO
Info:    routing  0.00  1.89 Net clk_TRELLIS_FF_CLK_23_Q_CCU2C_B0$CCU2_FCI_INT (2,37) -> (2,37)
Info:                          Sink clk_TRELLIS_FF_CLK_23_Q_CCU2C_B0$CCU2_COMB1.FCI
Info:      logic  0.00  1.89 Source clk_TRELLIS_FF_CLK_23_Q_CCU2C_B0$CCU2_COMB1.FCO
Info:    routing  0.00  1.89 Net clk_TRELLIS_FF_CLK_23_Q_CCU2C_B0_COUT (2,37) -> (2,37)
Info:                          Sink clk_TRELLIS_FF_CLK_20_Q_CCU2C_B1$CCU2_COMB0.FCI
Info:                          Defined in:
Info:                               src/blinky.v:28.26-28.42
Info:                               /home/tcovert/FPGA_Projects/reverse_engineering/oss-cad-suite/lib/../share/yosys/lattice/arith_map_ccu2c.v:74.7-80.4
Info:                               /home/tcovert/FPGA_Projects/reverse_engineering/oss-cad-suite/lib/../share/yosys/lattice/ccu2c_sim.vh:9.9-9.13
Info:      logic  0.07  1.96 Source clk_TRELLIS_FF_CLK_20_Q_CCU2C_B1$CCU2_COMB0.FCO
Info:    routing  0.00  1.96 Net clk_TRELLIS_FF_CLK_20_Q_CCU2C_B1$CCU2_FCI_INT (2,37) -> (2,37)
Info:                          Sink clk_TRELLIS_FF_CLK_20_Q_CCU2C_B1$CCU2_COMB1.FCI
Info:      logic  0.00  1.96 Source clk_TRELLIS_FF_CLK_20_Q_CCU2C_B1$CCU2_COMB1.FCO
Info:    routing  0.00  1.96 Net clk_TRELLIS_FF_CLK_20_Q_CCU2C_B1_COUT (2,37) -> (2,37)
Info:                          Sink clk_TRELLIS_FF_CLK_23_Q_LUT4_D_Z_CCU2C_S0_2$CCU2_COMB0.FCI
Info:                          Defined in:
Info:                               src/blinky.v:28.26-28.42
Info:                               /home/tcovert/FPGA_Projects/reverse_engineering/oss-cad-suite/lib/../share/yosys/lattice/arith_map_ccu2c.v:74.7-80.4
Info:                               /home/tcovert/FPGA_Projects/reverse_engineering/oss-cad-suite/lib/../share/yosys/lattice/ccu2c_sim.vh:9.9-9.13
Info:      logic  0.07  2.03 Source clk_TRELLIS_FF_CLK_23_Q_LUT4_D_Z_CCU2C_S0_2$CCU2_COMB0.FCO
Info:    routing  0.00  2.03 Net clk_TRELLIS_FF_CLK_23_Q_LUT4_D_Z_CCU2C_S0_2$CCU2_FCI_INT (2,37) -> (2,37)
Info:                          Sink clk_TRELLIS_FF_CLK_23_Q_LUT4_D_Z_CCU2C_S0_2$CCU2_COMB1.FCI
Info:      logic  0.00  2.03 Source clk_TRELLIS_FF_CLK_23_Q_LUT4_D_Z_CCU2C_S0_2$CCU2_COMB1.FCO
Info:    routing  0.00  2.03 Net clk_TRELLIS_FF_CLK_23_Q_LUT4_D_Z_CCU2C_S0_2_COUT (2,37) -> (3,37)
Info:                          Sink clk_TRELLIS_FF_CLK_23_Q_LUT4_D_Z_CCU2C_S0_1$CCU2_COMB0.FCI
Info:                          Defined in:
Info:                               src/blinky.v:28.26-28.42
Info:                               /home/tcovert/FPGA_Projects/reverse_engineering/oss-cad-suite/lib/../share/yosys/lattice/arith_map_ccu2c.v:74.7-80.4
Info:                               /home/tcovert/FPGA_Projects/reverse_engineering/oss-cad-suite/lib/../share/yosys/lattice/ccu2c_sim.vh:9.9-9.13
Info:      logic  0.07  2.10 Source clk_TRELLIS_FF_CLK_23_Q_LUT4_D_Z_CCU2C_S0_1$CCU2_COMB0.FCO
Info:    routing  0.00  2.10 Net clk_TRELLIS_FF_CLK_23_Q_LUT4_D_Z_CCU2C_S0_1$CCU2_FCI_INT (3,37) -> (3,37)
Info:                          Sink clk_TRELLIS_FF_CLK_23_Q_LUT4_D_Z_CCU2C_S0_1$CCU2_COMB1.FCI
Info:      logic  0.00  2.10 Source clk_TRELLIS_FF_CLK_23_Q_LUT4_D_Z_CCU2C_S0_1$CCU2_COMB1.FCO
Info:    routing  0.00  2.10 Net clk_TRELLIS_FF_CLK_23_Q_LUT4_D_Z_CCU2C_S0_1_COUT (3,37) -> (3,37)
Info:                          Sink clk_TRELLIS_FF_CLK_23_Q_LUT4_D_Z_CCU2C_S0$CCU2_COMB0.FCI
Info:                          Defined in:
Info:                               src/blinky.v:28.26-28.42
Info:                               /home/tcovert/FPGA_Projects/reverse_engineering/oss-cad-suite/lib/../share/yosys/lattice/arith_map_ccu2c.v:74.7-80.4
Info:                               /home/tcovert/FPGA_Projects/reverse_engineering/oss-cad-suite/lib/../share/yosys/lattice/ccu2c_sim.vh:9.9-9.13
Info:      logic  0.07  2.17 Source clk_TRELLIS_FF_CLK_23_Q_LUT4_D_Z_CCU2C_S0$CCU2_COMB0.FCO
Info:    routing  0.00  2.17 Net clk_TRELLIS_FF_CLK_23_Q_LUT4_D_Z_CCU2C_S0$CCU2_FCI_INT (3,37) -> (3,37)
Info:                          Sink clk_TRELLIS_FF_CLK_23_Q_LUT4_D_Z_CCU2C_S0$CCU2_COMB1.FCI
Info:      logic  0.00  2.17 Source clk_TRELLIS_FF_CLK_23_Q_LUT4_D_Z_CCU2C_S0$CCU2_COMB1.FCO
Info:    routing  0.00  2.17 Net clk_TRELLIS_FF_CLK_23_Q_LUT4_D_Z_CCU2C_S0_COUT (3,37) -> (3,37)
Info:                          Sink clk_TRELLIS_FF_CLK_20_Q_LUT4_C_Z_CCU2C_S0$CCU2_COMB0.FCI
Info:                          Defined in:
Info:                               src/blinky.v:28.26-28.42
Info:                               /home/tcovert/FPGA_Projects/reverse_engineering/oss-cad-suite/lib/../share/yosys/lattice/arith_map_ccu2c.v:74.7-80.4
Info:                               /home/tcovert/FPGA_Projects/reverse_engineering/oss-cad-suite/lib/../share/yosys/lattice/ccu2c_sim.vh:9.9-9.13
Info:      logic  0.07  2.24 Source clk_TRELLIS_FF_CLK_20_Q_LUT4_C_Z_CCU2C_S0$CCU2_COMB0.FCO
Info:    routing  0.00  2.24 Net clk_TRELLIS_FF_CLK_20_Q_LUT4_C_Z_CCU2C_S0$CCU2_FCI_INT (3,37) -> (3,37)
Info:                          Sink clk_TRELLIS_FF_CLK_20_Q_LUT4_C_Z_CCU2C_S0$CCU2_COMB1.FCI
Info:      logic  0.00  2.24 Source clk_TRELLIS_FF_CLK_20_Q_LUT4_C_Z_CCU2C_S0$CCU2_COMB1.FCO
Info:    routing  0.00  2.24 Net clk_TRELLIS_FF_CLK_20_Q_LUT4_C_Z_CCU2C_S0_COUT (3,37) -> (3,37)
Info:                          Sink clk_TRELLIS_FF_CLK_20_Q_LUT4_C_Z_CCU2C_S0_COUT_CCU2C_CIN$CCU2_COMB0.FCI
Info:                          Defined in:
Info:                               src/blinky.v:28.26-28.42
Info:                               /home/tcovert/FPGA_Projects/reverse_engineering/oss-cad-suite/lib/../share/yosys/lattice/arith_map_ccu2c.v:74.7-80.4
Info:                               /home/tcovert/FPGA_Projects/reverse_engineering/oss-cad-suite/lib/../share/yosys/lattice/ccu2c_sim.vh:9.9-9.13
Info:      logic  0.07  2.31 Source clk_TRELLIS_FF_CLK_20_Q_LUT4_C_Z_CCU2C_S0_COUT_CCU2C_CIN$CCU2_COMB0.FCO
Info:    routing  0.00  2.31 Net clk_TRELLIS_FF_CLK_20_Q_LUT4_C_Z_CCU2C_S0_COUT_CCU2C_CIN$CCU2_FCI_INT (3,37) -> (3,37)
Info:                          Sink clk_TRELLIS_FF_CLK_20_Q_LUT4_C_Z_CCU2C_S0_COUT_CCU2C_CIN$CCU2_COMB1.FCI
Info:      logic  0.00  2.31 Source clk_TRELLIS_FF_CLK_20_Q_LUT4_C_Z_CCU2C_S0_COUT_CCU2C_CIN$CCU2_COMB1.FCO
Info:    routing  0.00  2.31 Net clk_TRELLIS_FF_CLK_23_Q_LUT4_D_Z_CCU2C_S0_4_CIN (3,37) -> (4,37)
Info:                          Sink clk_TRELLIS_FF_CLK_23_Q_LUT4_D_Z_CCU2C_S0_4$CCU2_COMB0.FCI
Info:                          Defined in:
Info:                               src/blinky.v:28.26-28.42
Info:                               /home/tcovert/FPGA_Projects/reverse_engineering/oss-cad-suite/lib/../share/yosys/lattice/arith_map_ccu2c.v:74.7-80.4
Info:                               /home/tcovert/FPGA_Projects/reverse_engineering/oss-cad-suite/lib/../share/yosys/lattice/ccu2c_sim.vh:9.9-9.13
Info:      logic  0.07  2.38 Source clk_TRELLIS_FF_CLK_23_Q_LUT4_D_Z_CCU2C_S0_4$CCU2_COMB0.FCO
Info:    routing  0.00  2.38 Net clk_TRELLIS_FF_CLK_23_Q_LUT4_D_Z_CCU2C_S0_4$CCU2_FCI_INT (4,37) -> (4,37)
Info:                          Sink clk_TRELLIS_FF_CLK_23_Q_LUT4_D_Z_CCU2C_S0_4$CCU2_COMB1.FCI
Info:      logic  0.40  2.79 Source clk_TRELLIS_FF_CLK_23_Q_LUT4_D_Z_CCU2C_S0_4$CCU2_COMB1.F
Info:    routing  0.97  3.76 Net clk_TRELLIS_FF_CLK_23_Q_LUT4_D_Z_CCU2C_S0_4_S1[2] (4,37) -> (3,36)
Info:                          Sink clk_TRELLIS_FF_CLK_23_Q_LUT4_D_Z_CCU2C_S0_4_S1_LUT4_C.C
Info:                          Defined in:
Info:                               /home/tcovert/FPGA_Projects/reverse_engineering/oss-cad-suite/lib/../share/yosys/lattice/cells_map_trellis.v:108.23-108.24
Info:      logic  0.24  3.99 Source clk_TRELLIS_FF_CLK_23_Q_LUT4_D_Z_CCU2C_S0_4_S1_LUT4_C.F
Info:    routing  0.00  3.99 Net clk_TRELLIS_FF_CLK_23_Q_LUT4_D_Z_PFUMX_Z_6_ALUT (3,36) -> (3,36)
Info:                          Sink clk_TRELLIS_FF_CLK_23_Q_LUT4_D_Z_CCU2C_S0_4_S1_LUT4_D.F1
Info:                          Defined in:
Info:                               /home/tcovert/FPGA_Projects/reverse_engineering/oss-cad-suite/lib/../share/yosys/lattice/cells_map_trellis.v:133.22-133.24
Info:      logic  0.17  4.16 Source clk_TRELLIS_FF_CLK_23_Q_LUT4_D_Z_CCU2C_S0_4_S1_LUT4_D.OFX
Info:    routing  0.69  4.84 Net clk_TRELLIS_FF_CLK_23_Q_LUT4_D_Z[15] (3,36) -> (3,36)
Info:                          Sink clk_TRELLIS_FF_CLK_8.M
Info:                          Defined in:
Info:                               src/blinky.v:20.5-31.8
Info:      setup  0.00  4.84 Source clk_TRELLIS_FF_CLK_8.M
Info: 2.27 ns logic, 2.57 ns routing

Info: Critical path report for cross-domain path '<async>' -> 'posedge $glbnet$clk$TRELLIS_IO_IN':
Info:       type curr  total name
Info:     source  0.00  0.00 Source rst_n$tr_io.O
Info:    routing  3.01  3.01 Net rst_n$TRELLIS_IO_IN (6,0) -> (5,35)
Info:                          Sink rst_n_LUT4_D.D
Info:                          Defined in:
Info:                               src/blinky.v:9.17-9.22
Info:      logic  0.24  3.24 Source rst_n_LUT4_D.F
Info:    routing  1.17  4.41 Net rst_n_LUT4_D_Z (5,35) -> (3,37)
Info:                          Sink clk_TRELLIS_FF_CLK_17.LSR
Info:      setup  0.42  4.84 Source clk_TRELLIS_FF_CLK_17.LSR
Info: 0.66 ns logic, 4.18 ns routing

Info: Critical path report for cross-domain path 'posedge $glbnet$clk$TRELLIS_IO_IN' -> '<async>':
Info:       type curr  total name
Info:   clk-to-q  0.52  0.52 Source led_TRELLIS_FF_Q_2.Q
Info:    routing  1.56  2.09 Net led[5]$TRELLIS_IO_OUT (2,38) -> (0,44)
Info:                          Sink led[5]$tr_io.I
Info:                          Defined in:
Info:                               src/blinky.v:10.23-10.26
Info: 0.52 ns logic, 1.56 ns routing

Info: Max frequency for clock '$glbnet$clk$TRELLIS_IO_IN': 206.40 MHz (PASS at 25.00 MHz)

Info: Max delay <async>                           -> posedge $glbnet$clk$TRELLIS_IO_IN: 4.84 ns
Info: Max delay posedge $glbnet$clk$TRELLIS_IO_IN -> <async>                          : 2.09 ns

Info: Slack histogram:
Info:  legend: * represents 1 endpoint(s)
Info:          + represents [1,1) endpoint(s)
Info: [ 35155,  35351) |*** 
Info: [ 35351,  35547) |** 
Info: [ 35547,  35743) |**** 
Info: [ 35743,  35939) |** 
Info: [ 35939,  36135) | 
Info: [ 36135,  36331) |** 
Info: [ 36331,  36527) | 
Info: [ 36527,  36723) | 
Info: [ 36723,  36919) |* 
Info: [ 36919,  37115) |** 
Info: [ 37115,  37311) |* 
Info: [ 37311,  37507) |**** 
Info: [ 37507,  37703) |*** 
Info: [ 37703,  37899) | 
Info: [ 37899,  38095) | 
Info: [ 38095,  38291) | 
Info: [ 38291,  38487) | 
Info: [ 38487,  38683) | 
Info: [ 38683,  38879) |********** 
Info: [ 38879,  39075) |******* 
1 warning, 0 errors

Info: Program finished normally.
